YCSB Client 0.1
Command line: -db com.yahoo.ycsb.db.OssClient -P workloads/workloada -s -t
http://oss.aliyuncs.com
HrLKh0FZmx9eD9RM
PqhHjx6XCbxYZhvNJjVwHRcYt3kb6x
user1704487679061551990/field5
73739A02D8BAEC770CA79BD9E6AE6BCA
user4524463943485837295/field7
E1046A06F921CA4A52192409F40B947B
user7692645217087727906/field0
D800882B64C8E9C06706269BBC090F0D
user6878248821167621684/field0
92B179467A9ACCFE06A3D3A3E4772AFA
user2061286776547710327/field4
2C6ABBF597D898EC6A3B585747CF6E3F
user6154499986426787317/field4
7F45CB39C22C514B597B0BBB0CCAF5CB
user8999368727265990488/field2
FC1C57BC34FD305568F83252B942C0FA
user4625727119804382090/field7
BBF5733C96AFA87E2F1E1FCCE44F5285
user1799944752336548208/field3
B7FFED56961DAC679FD0D5A3746064DC
user2302422506363222261/field1
009F486A9F9379AAE1C4B3E335D46DD5
user9210925798647316875/field4
263EB418F57C143341AB30CF591D2580
user2754896992342218699/field1
41165C953D9A0CE6E511E5C713D210DA
user7114138408451725489/field7
9C3568067ED8B6A761183E2CEC743B93
user6419968232145076669/field4
652655136468AFCEC85F7409897EDD3D
user5358848318583751819/field4
DDB414E961BFDA58DB355F9F6FA379BE
user4298288365534567417/field8
D23FFE566B62CA2EB5350FEBC4EE3B8B
user3016457331771222701/field6
65374310176EE04E938A6401A9D2BB0B
user2051354451997034517/field2
6AE4034949C3EDBB8B26B81623A4D6DA
user7340313986402995367/field9
367C41207FE542EBA0D11F47183EA923
user4283669858964623926/field2
683FAE5F60B66B1C78E4EA809CBFB682
user7934122592197538405/field6
A2972E4145CE205FD50B2F80FBC01E26
user991012814165691998/field3
4016C54B752FB6A5083F713841F1F067
user3931338628279891387/field3
AF92AC19D86F0CBC1086E0F17446D8E8
user7566831209648563810/field1
ADC6446C48808B7751832AC99D5CE81F
user1222216219430528122/field8
E88B5F03DDD18B0EB12AAC8DD6A1B8DA
user7697331399106995587/field8
55037508A2B8AD4E6F96286A029E88FA
user5233812586874570054/field1
4AC095864826F1FCF2ABEB05AAD150B7
user9125182734705154584/field2
979D4BE52C838407CB6252B30393D627
user3449285483866709402/field0
7B342250A2BBBC8EE17D2BC292F5D569
user778895782272225163/field3
A541C8F1D69247F02C366E961F645456
user4891755326034811890/field0
BBE043F31D582A5439FA95674877D643
user1935691084326388114/field7
1E929DD11086838DDDFA38032BE85C36
user2996251037375572516/field2
90B0C266AC718147B70D178DB6EDEAE8
user8999928687778130936/field1
8803044A1F9FE268A8DF8FD885638A3F
user8758232997450478554/field8
45121D21C5F99299E304B44B113662CC
user4640905586886466029/field0
4D46C64804BCF09E92DDC1AEDE9A58BA
user8747959027605504179/field4
CCAAE2F56A77887E864DDDCEEA29CE1D
user185428821771980690/field7
07DC038930B4A764BDF5694AF50ADE14
user2534185872140198833/field7
23DEA15F28644157A6DF5EE3B364B492
user7562145027629296129/field0
7246BCE42F362AF98038B39C55E2184A
user6877907175873323119/field9
262590164D288DAC8F0ADE2F5C22EC3C
user6761807177766992950/field4
15256694A1C8758C2ACFCF61585D7AFD
user8034484162709644187/field8
291F35270CA17F3FCC1889BF6225F03B
user5797482573722787097/field7
10E0008FAAC729B8341BAD772AB2CE76
user4163320309274709842/field8
9746068B7AE13D37DB8769E046B8CB6E
user7692645217087727906/field5
0DEC9A28BA13EE1E746B935A10B9343C
user1824837228751466074/field8
BD80F1B1AF5E30FFA2C5A882E55E9A8E
user1945405093659222041/field6
8E9052680C24CAE71BA2D2E2E20DF092
user899463647179981130/field4
E4A32F4BFF9DE578AFB582D5CBC070AA
user8747959027605504179/field4
26E5A4112762943C859EF5F5D7C7763C
user3951203277381243007/field6
C95214B5D4EA3D3A3365FC2A227FCAF9
user764837236214422120/field9
20CABDE206EDE31D23C8BA86EF6FE734
user8416394051828562273/field4
0CD827A06C646C668FC7CCB3FFF421CE
user1453419624695364246/field6
454665B1652E75AB8ECBFF9B48736F1F
user2760361450091468711/field4
E6CA829F34594085BEFE3C03697D4EF4
user6757120995747725269/field0
91C136D5412F4CC114BC881C1DF0510B
user5335075763193114849/field2
C4E4ACC5C2D5A6C9F3564581A0AFC1EB
user7697331399106995587/field4
7AE2D87B825035D9796E7E6BE51C091B
user899463647179981130/field1
4F28876913BCA7167D6475AE751DB872
user8270373749993747992/field8
A5A199FBE2F3A13EF35D43453B4C082D
user6038618303538299031/field9
130259374060F64FA62A9AC7A1B99A07
user8984750220696046997/field3
DD5383BB79F3A06C3D5440C96F16F82B
user7933562631685397957/field8
185C865A3E654CF37E9240A3D9489591
user6626839121507135375/field6
CFBDF06811FB06A6D58A23A651A26C66
user6772299462829809208/field4
07C4B1BFBE48E9D373538F815A36A439
user2051354451997034517/field5
038A291A9E052A2978718D2272B74369
user2166894489591224238/field4
66380BE71883C1A3AE178E82C3FD4DF8
user899463647179981130/field1
C5ADB579AA51E7666B788AE164DAE645
user8170230494699484093/field5
E419D233A878CDCBF23D91F7B6281A9B
user648395592813793386/field2
B0E42F1C99FF0C37D602F30992ECBD20
user1834769553302141884/field8
A1DA0692813EEDE161C3B7817D6A2244
user170810315202037199/field8
33F7F961F5FE06296071540F7F263459
user2278089990460444843/field4
4DA55AA83B9BF880CCF88A39D653AE06
user8391501575413644407/field1
C177D45F7E3336F4630B86732F5D3588
user8517097267634966620/field0
BC940ACEFE978FC1974FD4CD5101C122
user3931338628279891387/field2
D5B5A78F723EE2919A93879EDD1AB5E1
user4626287080316522538/field0
36D96D874A4C672BC2ED1A5F999445FE
user4298288365534567417/field1
9AAC7E7FA440B825E70C3FB9C4F80046
user6626839121507135375/field1
CF3E429C134553ECFE9525DD1E6D67DF
user5219194080304626563/field8
C88772B15B8BACF5D550E3A99F4F33BA
user3107446538244793121/field8
C17DF43268895B6B96B8C764B46F40B3
user421878369568224943/field3
5C5A9D96C4D47CBD12D18968BA8489E2
user1689309211979468051/field7
B3E0C4A17281A6FC97954735F7B41BED
user4866862849619894024/field4
8C43F1867223818B0EC6938CFD3DCABB
user2051354451997034517/field2
32A705EB88C9ECF8A8E0C0791568B48C
user2639575269965870861/field8
80EE32E23BE8FB725D0823D953D6DF5E
user4188212785689627708/field9
F7083C029016FFA47E402977E447E87A
user3589717997875816989/field5
E0DCCC9E80C259A36F651BD7C0BB2AEB
user763935630407983107/field5
05EEDB6E0E83312542B512426C39211C
user3695449040995787582/field4
3FEB8AC6A63151CDE4AD690636ED54D3
user6415282050125808988/field2
36D77BC4730931B6B536C259158755F6
user5585925502341460710/field0
A732F8296814584EE0CC7EC70C94F7A2
user5696779357916382750/field8
B527BB1EA0D55522B9169DA871314CB8
user5701807185229948996/field5
0F1853F1A18F10233EB41E2999AC64B0
user528046043123879302/field1
CB7AE9BFF5505FDD0E16B19F8EABB7FF
user1689869172491608499/field9
98FC7595BD508B1A88522CCA752D58BB
user2177168459436198613/field8
E10BD439062040419BE08983E8E0E060
user4298288365534567417/field7
AF0B1A6723D267D5F35CE3687B8EE9C9
user4882382961996276528/field0
C9026295910DAEE3740FD948AB08D1D0
user9215611980666584556/field1
9585C0C03C759B31FAA8C131FA1D6FB5
user6862728708791239180/field9
165BF465EDBB846F9DDB93DD41CA5102
user6747406986414891342/field4
01BAFAD847A76F1804A7DB5C46391AD9
user899463647179981130/field2
0A8CC9D45D42BAD50B3A48E0C7ECAB9F
user5831747414176240325/field8
268BEBE05645139B95AD3252E2467F96
user5455083667588730368/field2
135B91C58D21CA46DC57D43E32E0842F
user7340313986402995367/field1
7D7F9D7CD5556E665BE757E395F649F9
user3604678149740059045/field5
E0B93CAA09B6AE5B1F67E4AB21430727
user5952315279083996292/field4
BF94704D626592D5AF0D7C953E6BA057
user9210925798647316875/field4
C79C4744A33B94A50659E9844384F06B
user899463647179981130/field5
46A5B3FE1EEF54CE522BBCC57BED92EF
user402013720466873323/field5
81E0CF201BCEC305F4B111387BFDBEA3
user6651731597922053241/field9
7DED72A2F0BE9300AC9408C8BAD85E72
user3107446538244793121/field5
DF32C2A40656843DD164EA544AC3E31E
user306556647191877105/field9
7F8B212BB4C6D0FE9519434154E48963
user1583919814153796023/field8
C9007164CC72783C16C3E4F339E60D9F
user899463647179981130/field2
14FE74D274147AFD8C2DB45B98A09F24
user3353610095373871301/field1
4E11FACE937813ECE4F3F2CD95BFAEA4
user4168348136588276088/field4
2D8D755266EE451369F4F20404F82936
user6174364635528138937/field1
30EED82435BBA7C7D09DB193AE3AE87B
user7923630307134722147/field0
45A15F728997F369E2BD0AE641CDD88B
user6641457628077078866/field0
160C646EDDEC4A5EEE0CF3542C7B8C6D
user9220858123197992685/field9
5B6E87EE2801889CDD0192A1A260AFA6
user2760361450091468711/field6
44782711D8EFF59B5124E33B9D090484
user6762585453496975281/field7
CB577782AA1B25F5DC7088291DE8FAA0
user8743272845586236498/field5
8E8A1BD122438987FA2417A9D294C438
user8511851125103558491/field9
F1B75BB6C0A7E564A5AA7A99AB3C85E3
user1000726823498525925/field7
D81A8B2E420B319BA54C8123EE2C984B
user3820703087922811230/field2
03067A5C13A3D6848F5D8EF4D019DF75
user4052684768917629685/field4
3378985EC42E9958284C54888B43A451
user2755115307560060582/field8
86A87DB30CD96C3D4F47A24648BAC7EB
user5214507898285358882/field1
1F2E81C0F257092B2AC30A4080A44C1B
user1467819816047465854/field7
084D3E28D2B0B1C5BC6DD518F80B2271
user3695449040995787582/field0
7248A30E38AF9E3783314B76192CDBF1
user2292490181812546451/field0
0506EDC6CD004BA18A219D249D090857
user517553758061063044/field3
2DC972A980971D10D1F57E8EDC181D87
user4645373453687891827/field0
27C7B9EE5DF1BCEA73A6497E8E3955AE
user7576203573687099172/field4
524F7001F616B0A3719D22A9EB3C5939
user8396187757432912088/field8
861BC99606944D26720F6D333BBE2D34
user899463647179981130/field2
C694FCB49047817B1435477644D99731
user2156962165040548428/field1
F01987F9BCF65701FED3C4564D29A00B
user8994122584734582359/field3
3F15B8727EF18B327F0812603683C3C6
user4052466453699787802/field4
8B51F2DC9F8DCAAAB4B3A04B43CEE478
user8994122584734582359/field9
AF9C823DBDBE0E418FBED4C277427A6D
user8270373749993747992/field3
42559C55AD656852CC5E79EB14D22D96
user1453419624695364246/field3
CDEAB776599A1B0289E88DA868AD3F89
user4997704684372624366/field8
2EC3B77B367F237B90DF2D13814F06B5
user2186540823474733975/field2
AC0950DF7D452D0F2344839752462F8B
user4394523714539545966/field3
1659CC4CC7441B31C1CC62D7EFD9B68E
user7591723686063481676/field6
1AE890ADAA9E83A9D1C47C1F9AAC290D
user4192898967708895389/field2
B20FFA4601FF4EBDEBD0716BFE1F372F
user527827727906037419/field5
91249C37046A388390388CCC89092B24
user890091283141445768/field1
DCCF4DD4B85D6522DF2DABB12AF4C410
user6284781860667377211/field6
1C1CBDDE8FB6EC04587FF5A8B4CCF06C
user1353058054183258464/field8
719EE1EEB4394C2AB7D864190CD5FED6
user1950091275678489722/field5
162B59075B647E57E632167634D3795F
user623503116398875520/field1
1A8B323EA206470EAE0D3A735D03C89A
user6878248821167621684/field3
BCC058F7646839D48A9AB15F7AFFF196
user7586477543532073547/field5
ED657BC504A40F7387FC383CA2A2507A
user1699801497042284309/field9
9899D017CAA76B2665AB4A010EC3AF16
user9090357933739560908/field8
7E64881F723ABDC2BAA1155BC87D966D
user5561033025926542844/field8
175EBFDABB8A5D38BF1F3663A14F306B
user5827061232156972644/field3
6D4A5E6A29F40E9AC15A423AA9108915
user5691314900167132738/field0
0F32FC044D3E71A82A93919E4C77026C
user4776433603658464052/field7
DB024A54A9EDEE46C9C27911887D8239
user8758451312668320437/field6
C7373E43FB8CC1A43E8F35352D470033
user4539424095350079351/field3
572CB3928A25A85191C7E1D0E9114DF4
user8049662629791728126/field3
7CFC3924994ACA688EB9E9C710A905AF
user658327917364469196/field1
F7EE5E347AF04FAF494E09021AD39769
user1372362742772469636/field9
2CFA4A56CACB209326034598A5EF53B9
user3453971665885977083/field9
B0DFE7F09B3A452446A03EBA930866CE
user2765047632110736392/field4
A0D8A8856814A908381976D4500B30A4
user2876243132979956997/field0
09E8AFF356443BD00BF86C24F0EA1594
user5470043819452972424/field2
748CF8DE7947EFF3F276273F9736BB37
user5600544008911404201/field1
EEA8A0C962752E4B146BA5302A415765
user6390389573710891122/field7
FB6902EA18E82A86D1F746698C487E17
user5214507898285358882/field3
E141BBCF9E72A35CB550CB1B74803B66
user4298288365534567417/field5
58B89092CF268C8D194FE545B23F3785
user4761255136576380113/field2
5630D7BAD652C354B67B29B49362822D
user7692645217087727906/field4
5BC296DBEB4952FCDA7FE456EE57B921
user8637665132542722587/field1
E6BFE6C70A8C0529A255E054E5573B09
user185428821771980690/field0
A2F169C49720E52D18C3D7D624AC6135
user7239952415890889585/field9
8A5148811B770DB51203FB6C76A44FC3
user3222768260621140959/field5
16E05E3A1EF4D3B5B384C606862FFECC
user7109110581138159243/field0
188A645FD29054BAD31635C9F86F86C3
user6405568040792975061/field8
B380EEC6817C4BBC7230288087EDE130
user8145119703066724344/field3
90E50F69EB49D422948C3D61EE7F60AE
user2167454450103364686/field7
24D2CF52BE149EF87D39F0CF6D9B7D86
user4298288365534567417/field5
4D27D012F2892089CBE758EA71286454
user3478864142300894949/field3
28521D472BE256097166BEB304E9D417
user8747959027605504179/field5
116D2752A8A2E4AB6006B581657BDC0A
user7692645217087727906/field3
86105BA603A06625FDFF54E571E11C0B
user4520119406760868179/field4
DD1702293E825D7CB2410735E21F5CD0
user7939027089434647969/field8
A3A4375E6A127F8FD0C097EFAFBA7B2C
user7682152932024911648/field5
D14E61FB5AC3731629FAA344C63B5ABC
user3695449040995787582/field4
4C783DC9311FC6348DE16DE2BF770C48
user3700135223015055263/field3
5033D3C022B22659F79AB38CA4181F3D
user3338649943509629245/field6
0E08BB80F4103CF82E24BE7D53FA4A86
user6656417779941320922/field2
8B9B3281F114D7D8B50887AFA0BEF42D
user9004054909285258169/field9
5F72F3CA1B17B81EF0FC695F514F42CA
user890091283141445768/field8
CA043DE61DB34B59F2550215348ED633
user5696219397404242302/field6
A8542D85536DC5DA1309EA5138AF73FD
user880377273808611841/field2
A4EC647CD94248BCB9F8CFA5639C8A91
user9119376631661606007/field2
DE6B6BD793073064F74FEE17DF0D5902
user5701465539935650431/field7
3E06253C89217E2569D5D85018FFE0C0
user643367765500227140/field8
4F410A3ED33ABBD7BFB63B24DBA5E73A
user9220858123197992685/field0
0DDC96A5403AD83DE50A045606CAFB76
user899463647179981130/field1
DF13F56FF62671FFE5CC058F4A00B79A
user8405901766765746015/field0
B27061BC234ED0CB1EC3B49BAAD54DC0
user764277275702281672/field4
583E69234CFDF3BDA751F1F8794AF394
user5912804296099134935/field2
FDA9FF4EA5D076AE146D17F40604FAED
user899463647179981130/field9
2F57803D812473D9C57A9096B2A8AFC8
user402791996196855654/field3
0D3F5B28E470FA11BA4DD4ADAF9D15B1
user4298288365534567417/field6
F4C370CDC6B0BFC7E41EF4460EFA1BC3
user296282677346902730/field7
10F7AF1CB0F4B139CFAC3C380287E458
user1583359853641655575/field1
9F7EC6673024D3C9BB944D2FA192DCBA
user3469150132968061022/field5
715E3BCF783338B41B48247CA002EDF6
user3695449040995787582/field5
648122B996E9922E79BA51280F342FBA
user4298288365534567417/field8
B3B5B3F80CEF208F31936FEFDC7261CA
user3815675260609244984/field0
34F473BBD79F59554F0F94EB61928E65
user5214507898285358882/field4
0692DAD0AFAC0DFF3B851AC87DC7A97E
user2166894489591224238/field8
1FDACD64F637ABB79275113444533EA8
user8155052027617400154/field3
66CB01AC285963A71886327BFF15AE7A
user5566279168457950973/field5
CD52A50A992999763E002093A06DE8DB
user6882935003186889365/field8
4BC0C82E6FF2B01E3F8A22498223789F
user8984750220696046997/field3
B3B8CC3D9B0552B6A0E651E3A2A99DF0
user1945405093659222041/field6
B834E155A486D49E21FC3746B762607D
user5229126404855302373/field9
A442D83855E83D7AAE343F4DDD104831
user8747959027605504179/field5
0CE92C549D3702F8D50A1B9B93359A69
user3695449040995787582/field6
FC1CD159CC971F6445136BF94AA32B62
user4520337721978710062/field0
2DBE8C5663961EE274B0449D2640C071
user3927430721990606037/field5
0B7C1DA14F678446634FB6EC88216CA1
user2056040634016302198/field4
FB9560876ACFD9AF82C705C6917C4E1E
user7813213081995483873/field7
907759D30BDF6DAE2DC04B28D73E2C86
user653081774833061067/field4
827669A1807A69794F4711A32F41E2F9
user2996251037375572516/field7
46A524EF7D62A5A1B81482A8A269CB55
user4298288365534567417/field8
F1357F20C9B134800CCF7F7B48799873
user8164984352168075964/field8
15B5BEF2C27601328F5F2E384C06813B
user7582009676730647749/field0
9436908BAF9B59FE5E5A483825F9F8E3
user8632637305229156341/field9
3BB4307B803055A3314E395484209F0C
user5575651532496486335/field3
1882ED5BB98F5C1EE2E25EBB1D6CE376
user1482998283129549793/field9
020B608ED9C21F20C7EBA5502BD3A034
user8391501575413644407/field9
AB6D20805B2F5CA8327C5DC869C1E4D2
user3931556943497733270/field1
E940CCA02E78A2258F527572F5836B43
user3825389269942078911/field4
4CC89DB98728DE700B1B9DF379E6AFCD
user6983856534211135595/field5
F7D149FCFA4BCEF0DED5715A2EBBC167
user195921106834796948/field5
16ADC1E14A498BDF31B1666EE6EA322C
user4047438626386221556/field8
AAB5ACB721DE29BFB79AA35F3F2DAC17
user6511517399130787537/field3
68597412F9E3604E0D186AA550202855
user5118272549280380333/field4
D59BD3C9C6B89E2915FE152AA08E1D43
user292156455839775497/field9
E51CD47BF66E3D8180F63376ED377413
user2754896992342218699/field6
42015FF66D00D8F86441999619214001
user5475289961984380553/field5
2315E5B324F694FDD9CE5F89D72EE027
user7928876449666130276/field9
592CE7180C6532D82172737751871DBE
user5238840414188136300/field4
3BE2DFE76BB93D29E5EC2FE7BD2C794A
user2644821412497278990/field6
658ED70B773D818CAD1815E9DE913330
user74793281414900533/field9
98E0AC5B606D6C74E39C1C8F121057BF
user7109110581138159243/field7
57C6ADD929E7962BC5412A49907C4CE6
user2167454450103364686/field6
E1661F70C8F5BBABE593DB8905F6635A
user2765389277405034957/field9
F878EEDB3C34C7F9451B44A38409321B
user5007637008923300176/field0
B3C2475BF500415D740BEAA55737F71B
user899463647179981130/field2
1C8DBBC5DDDF9DA97ACCED2D30E3BAB4
user5001830905879751599/field9
0751629F2B017CBA112DE1612A8C97E7
user3107446538244793121/field3
7C04413782C22CB2F1F40A9BCAAEFC4C
user2156962165040548428/field9
CE1FA6B764F61E16AE5371348BDF1F13
user8507383258302132693/field4
3BEF26E026DDC4702E0B82534B8740D0
user1096402211991364026/field8
B46079C5713E38055BA98F2ED77B6C96
user4525023903997977743/field0
32D4906D6657FE0C9FFB79AEDA431A8B
user4298288365534567417/field5
111A2FAE5A510ECCAB5220DEE0D5817B
user3122406690109035177/field2
F3EAAA484DE2D0D325DD39E7DDEEB1B5
user2423550331783118676/field3
26A37D0AFE1B3ED7EC70076F172AB749
user4152828024211893584/field4
918C07E76DD2A48F66394BDF7D24F72D
user6756779350453426704/field5
9260AC761EE38978C5441BCBF2CF1CEC
user311242829211144786/field5
23417BBFE5BC5AEEA83D9101FBAC6FE0
user7817680948796909671/field2
6A100986E66F2EC5BACA30589C915E01
user2649507594516546671/field9
6B61A65ACA3502136ECA5560E4ADF676
user64860956864224723/field4
A964069F1ECAA7B0098C11507F7F885F
user8170230494699484093/field3
36BD990B19DFD59158C2E491AF4C637E
user8762919179469746235/field8
A5EF1F55BA94FAE2C1A337DC5728F489
user7244638597910157266/field2
C522177C5D037462DD5FD2D385C71F8C
user3001278864689138762/field7
3DA5E2E453F1A81D5473AFE62453F713
user5344789772525948776/field9
B54A2E176A063BFC5BF5CE772504B1E1
user4158634127255442161/field7
6FBDD903755B829F6055F9F123443DEA
user6873002678636213555/field6
ED16FA110BF51DEAFA6E3A2E58B32F90
user7938808774216806086/field5
BC5D4D668C4DBDA288BF8779ADA3BFF8
user8276179853037296569/field2
C7545A5EF1563A844C50BFE5F80A7AFD
user3343896086041037374/field7
169FBC84B5A6E333FB8255DFB0B14D25
user7350587956247969742/field4
3DC27A6B2DD9F1DAEC92096783F7FB6B
user8531155813692769663/field7
09EA3B5433D60368D6DD3A4585FB3053
user899463647179981130/field6
531F7257CE21E274C86363B8A4FA1F2F
user4530051731311543989/field0
C745920F34D44847A192599D53E04F35
user5918050438630543064/field1
D7E1094A6957C8EDFF675434CED54703
user5923296581161951193/field3
EDFFCBA357942C10BB1DD6B5BEFF0AF7
user6647045415902785560/field8
A3429D6F1B24B63F64A3BCD897BA4EFF
user9095604076270969037/field5
7CBB4418DD895153923599ADB9BD9176
user5464797676921564295/field3
B8EDC901E168F6E03DAF93D22FE1FC44
user1579233632134528342/field5
0A8B17A764046FE419C57086BC0D79B3
user8290580044389398177/field4
F4599CAA0BDA7EF206295A4D2B7AC721
user1694555354510876180/field9
41FB8EF8B1DD71116F44088C899A6528
user1487684465148817474/field1
395FF0A32E96AA64AC9F6963AF409AB4
user1718887870413653598/field2
E48F290818C256868FD2F6299665F049
user1573987489603120213/field1
5B6675D440E622849F354A3C50F9F694
user3237946727703224898/field5
C9160965E655AE6C40FD902549AA0040
user8391501575413644407/field4
24F1C5726C1B4D0000650A91DF38E155
user3474177960281627268/field9
5D56363435629269EFC937C78E47607A
user8164984352168075964/field6
80A56525AC1264D29C921ADBF7342CC7
user7099738217099623881/field2
35F5513584936537F169EE552F239DAC
user1005413005517793606/field7
45FEBF6FD8BA94F6AAB68F11B955C066
user1372362742772469636/field7
5746452AED77BD20E9A9E27BBCB4A55D
user4047438626386221556/field8
236D8C6ADECCF0961B52AFE9887D2C00
user1588947641467362269/field4
02E27493171A4EDC975F90FD287D2C3B
user890091283141445768/field6
7D9113F3A9F44B33D2AB4DB38E222358
user8747959027605504179/field6
1EEF4FE8B1877683E28E17614CF26451
user2533625911628058385/field2
04767A7326FA389C1EA400CD180FDB50
user8869086853025400594/field0
02DE8D037A4CD0CDC8AA27C14E3FCEA1
user2654753737047954800/field3
92C78089DB9D12A50CB20E8C576790D2
user5218634119792486115/field7
8A77B47C033BD901E7A61F4D737DD8E4
user6299400367237320702/field6
87DFA13D1644FABF2140DBF8CE4ACA80
user4776433603658464052/field3
5C47C2D0B17E115D639D6452598C1C75
user5595857826892136520/field5
FCA30548F423A58518FD5CFE5BDC51D7
user1583919814153796023/field2
93BDFBBBEE63636CE99105E0FC7CBAB5
user9210925798647316875/field0
0EA018BA5BB51B36DD81EF7465BA6ECF
user7943494956236073767/field2
BCD063E1C16BD1A2A2D9BD26F91F9150
user3820703087922811230/field2
9BB1E7509F87984522A6449FD3861A8D
user653081774833061067/field2
4FE2CB347AEF403481601604C482CCD5
user879598998078629510/field3
CDC957063D2EB0D9F1A199F72C7AC564
user3936803086029141399/field7
6E023F5D1D9831C20AA1FE897DBBF6A2
user3921624618947057460/field0
7262381C8630BBBA5649984766B13AA0
user181302600264853457/field2
D471507BD6D59A878648D45685BB9603
user1799944752336548208/field9
5282255316BC6C600BD4470C373CF4B6
user2770075459424302638/field6
597B09926B4005D31623B76D01EB3B11
user1921072577756444623/field5
8951B19DE44A95D688401EA659F56011
user8531715774204910111/field1
4A40B925B137D97484DB5CAEAAD3705B
user3368228601943814792/field7
ABC48EEAC2DD9E9999C94F9432E039E9
user3695449040995787582/field5
4C40843280663A14B6DD11A49CEE55E0
user6767053320298401079/field7
0C44ECC534662E57A581BC2223381E17
user8999928687778130936/field1
1087036CBF0D68852D017768B8780E0A
user1593852138704471833/field9
A5E2556391D52C028092570412DAEE04
user5696561042698540867/field3
E6A91807842F4407F46AAA2DF07EE830
user5344789772525948776/field3
4305EE092E186FE29688840451D6811E
user7466127993842159463/field1
ED06A76835DF27D2C578D30124337F26
user6043304485557566712/field7
C18A9724E8AE61FFBA2153BDB782770C
user2754896992342218699/field6
ADFF39727283289F24F437373007DFAD
user5103094082198296394/field4
BECAAAAA91E36B6251234436B73E1D14
user6872661033341914990/field5
1432D352880BDCE6B3C45277302A1D08
user7576763534199239620/field8
96E360A4613824EE62ACFC1EEDDF3116
user899463647179981130/field7
333121806A73B1D815F11782CCEA1ACD
user8049444314573886243/field3
EBB13D78F60FB00DA1B06AF2BAF60622
user3338649943509629245/field2
D7AD18B0688C6B1EA388F40C7D6C463B
user8396187757432912088/field0
00DCAC3D412947DBFF188D81B1A8B4A1
user9119376631661606007/field2
B59FCDAEE3A3B92123D56A41EC82302E
user1111580679073447965/field0
1A065C01D41C8CE230228FAD478C4209
user5339761945212382530/field7
F3EC8BA8B31E4B906012260E93146807
user6867756536104805426/field9
A7D3ECFF218CEE1C41D5F3C3E097667D
user9114690449642338326/field5
BD5784E5CFDF1688B3EF110162A9FE9B
user281664170776959239/field8
CBED065BDE5122CC7EDA14006665E411
user4882382961996276528/field8
FD6E6EFA88256961B437E4C8D13087EC
user5595857826892136520/field8
8812FCE7250B5D1CE0F3A356D544FA96
user5479976144003648234/field0
B10A30F0883007E013BEFD6382F5CFA7
user4294162144027440184/field8
F0AD68F8F105E9304F2D3E00806E3051
user7923630307134722147/field6
F6BFE5BC2B88E9A44DD12CCC865F5A9F
user2393971673348933129/field1
C9C12281822B79C605400EA2B359FAC8
user6149253843895379188/field1
B07F5B6D81B59A8AB204A3170AEF8D35
user2750429125540792901/field9
41D46364875026E4DAD3925D6F7DCA67
user7817680948796909671/field2
F0ACE6C4AAF6DD6E58A3B39BBB0D9AA4
user9210925798647316875/field5
E134F20FFAE7362AEBBD412390268C07
user8415834091316421825/field2
5B46BD767084A68B82A0797FD01161C1
user9115468725372320657/field9
C447C1BB1FE70C92CDD766DA30DFBD24
user7677466750005643967/field0
6632995210F5A6C584E7C67975F6C586
user8044976447772460445/field9
9AE473B4EDE4C1A79B6E0F3CDFB1A6A6
user5339761945212382530/field0
B99E2CD30FB7C31D8C6A3BFFF1BFF51D
user417192187548957262/field5
C0D08C2D97AF29C0D82C687DEDF16BB6
user6053018494890400639/field1
7311698B30F3F530EC22D78E38473230
user4887069144015544209/field9
BFD44F2A4421D819EC0E62E7A1C994CE
user5470043819452972424/field6
4A92D9E461F4787B98277BAABA98F5D1
user6872442718124073107/field8
5DAAC5F1DECC370DF34B83A0F9A40269
user518113718573203492/field6
F4D6AF26EC5F05A5CD719D0FF9A0C327
user2528939729608790704/field6
D29AC8183ABB1CF7D234E2CEC1EE8DB1
user4886509183503403761/field1
BCEE440C4AD8186FEA070424DE6ADBD8
user5932668945200486555/field0
B7C5FF9C7384139A6B6978B33A6FAC97
user8401215584746478334/field7
8396F580EA8D981CA27F64BC463162C0
user6651731597922053241/field2
87419FC74728737BAC89C2523029D5EA
user3700353538232897146/field5
FA7CE5B8AA3E052E67A5F19FEEEA35F9
user2156962165040548428/field2
3605CB7EC5852C189A8FDB00D945226E
user4630973262335790219/field8
DDB662A505274ACB84358E7885172521
user5561033025926542844/field6
F0A98D8BAE26F4F0C058FEF0FB763635
user3001497179906980645/field2
2321EF4132693E554F21CF67397FAFC5
user7325695479833051876/field8
B857D35FDE2C3A4DFD48216F05F56AD5
user2759801489579328263/field6
ECB2C746F4797276BE1D65113FB2C3E1
user2754896992342218699/field5
BF5CC5CD28FCEFCE7F17AF4502B3BE7E
user5942382954533320482/field3
48AD5BA87A2D10907C775AF3E57AE779
user7582009676730647749/field0
B91C7C2B023F3B6C71C082587E013A35
user884285180097897191/field6
430D9E51D03ECC356F5AC9D09F3E1C76
user749317123838039616/field1
ACEFEED175C0D770138F8FF4B848605D
user4519777761466569614/field9
54EF657611DCF393D95D13E36EB489FB
user6501025114067971279/field4
EA9634807628ECE0F97CAF5F264A3B30
user6887621185206157046/field8
84A2B4C8A4339494A505A33FA360D9ED
user3468931817750219139/field4
6515F06933EE8E360B0CC0503504459B
user5107998579435405958/field4
7464518290B678894541CAE3640BF595
user1694555354510876180/field2
B658F42BC23A96336014AB92F995527A
user1000726823498525925/field1
1FE4FF990BD0F3A3128D2F0C0DED05D3
user8747959027605504179/field2
FDC96D8473DD498EC4CB5C335AD8EF8C
user3343117810311055043/field7
7A15812AA0D99615B00D62E63D1338CE
user2061286776547710327/field1
873D7E4B2C4BF22B6C5C8D5EE33F85D4
user1463133634028198173/field3
152ABAF6C2F443F1ADFECEC93343A2B2
user7003502868094645332/field9
F1E287C4D1BB9500053F60F700794B48
user8747959027605504179/field4
14F8D7EA5B23216EA025AD7009C77FD8
user4626287080316522538/field1
544167A0E587273BB5B8810EED25B506
user7798594575425540382/field0
D5012505ADB9B91E703DDFBE0FFBA9BA
user8150365845598132473/field7
BB3451F3583D6C422C0C18651336EE1D
user3005965046708406443/field1
C1D8F5A4AB9C9B7C06065122E83AC4EF
user1332851759787608279/field8
BF26191646E994C3C535A06CB6380753
user6772299462829809208/field0
F1592494CDF29ADB18CB524F6D66A947
user899463647179981130/field6
FAD6D2A6AE40BB7039EF172B182E6AD2
user899463647179981130/field1
1A8899319C2BBD8CD8270F4693B027BD
user3237946727703224898/field3
AB0211B8DEB96CC4E0AAF22E61CA379C
user508181394022527682/field3
A1BE7913954ACC6D17628B1060206324
user5802728716254195226/field0
F876EF192A33DD2D2D18FF8016F7B08D
user6284781860667377211/field1
F52134B15C8D0590D6DE10AB6C6A4973
user8174698361500909891/field2
10F58024626E063BE4C793B5C9CD498A
user6521231408463621464/field4
65B140D9521A123388DD32B28B3E8336
user899463647179981130/field2
EE38C8571038BDE2A27D0A518A0720E0
user6641239312859236983/field6
7F5886365594B4004541A8B959946C14
user276977988757691558/field5
7A9E6BA575BCAD743B8A6030C4BF3941
user4298848326046707865/field8
281EE16AB772FB9907E08C8B6DEEA7EE
user8044976447772460445/field6
0E480C77028ABD0CED5392792C67BB41
user8049662629791728126/field4
ED387F56FB3576DC2805AF1EB3688A10
user6058824597933949216/field6
14C434CF12B87DEF280B3E146B9790B2
user4635659444355057900/field8
66F56356A0BA0CE7B92F5BC4B1BACFBE
user5223320301811753796/field0
A34A62376F2C828731DAE5AEADC9909E
user1353058054183258464/field2
6A52E9D9A2678AE5CB153E3B5F59ADA7
user7239392455378749137/field8
4722FD7ED9453230FBE7E9A6DBE704DB
user1236834726000471613/field1
896EBD041C0ED7AC5855BF3AD4A720D7
user8652283639112666078/field9
EA3904595873A39951AD4C6DCEC21A20
user1829523410770733755/field7
B7F9F71121869F1F611596A767553956
user1820151046732198393/field0
010081F3499EBFDC98CCA31ECC75CC8E
user306556647191877105/field1
4A482A2591A40D4E1A8CABB907BD58A9
user8632978950523454906/field3
947732C44BA6E9CB74C4145825709280
user5238840414188136300/field4
0C081B71DBE4845D9C175104FFBC2EB7
user6521231408463621464/field3
0185F53C9F35D80A6283C0E57C079070
user6038618303538299031/field9
E0B9979D557102D29826DDC322C0066E
user8637665132542722587/field3
7D99A1BDDD16D27C17829D35F825828E
user8637105172030582139/field4
3EA55A923BF5480F50A55F22A20CBA5B
user8405901766765746015/field5
8BE09B43C618E155199AFE12BBA34A01
user8295266226408665858/field8
9D051AEE72D1C8A59C96E775CEED864A
user1121294688406281892/field5
3C1EC55B667FD8EF8E51ACD0FD8F2284
user70667059907773300/field8
62C3A83B7CEEB634D0F63EDDAFF85162
user5822033404843406398/field0
1DB133861D97F0705AB88BBAA578D76D
user3232700585171816769/field2
4AD9E22ADD3CAB4C9F057EFE1AA9DE2A
user6043304485557566712/field2
B86580A8AC74426F3C955BCCFEFE9136
user6973924209660459785/field2
B71F92F1D595942CD4F11B8391AE5D13
user6385703391691623441/field8
55BF0C491DEF28E92D07A9FF18509DBF
user7099738217099623881/field9
9C100E43C7A192A1F8CE622EDFBC6106
user5364094461115159948/field8
FDDD2A44FCB19944B89DA8A9BE928EF4
user8170012179481642210/field8
4FF412DB101F06A607EC6B9E2B02B111
user6535289954521424507/field6
19003D64DA257A08CADA3527DC0024E0
user9004054909285258169/field7
193B4D685DABE360ADA33C017390896B
user2398657855368200810/field9
A9B81A09B34A2051BE9F226BB91583AA
user176616418245585776/field3
70333CEE9D5B1B1785E6D7D62E81B86B
user7224773948808805646/field2
31231B00EBFF1C6D70E0B6394EB90E60
user9210925798647316875/field8
C4F9F5B4F3AC5B5F809965EDC2477A74
user2645039727715120873/field8
E83F74FA8DD941022CE0EA53488CB209
user1704269363843710107/field9
3941670A2F323DBAC9CD4BEBA4607E0D
user402232035684715206/field9
1A2327E4F8351BC56844A05984ADD5B0
user7089245932036807623/field4
0CD12FB06DA55CB8A200E040B68510E8
user6284440215373078646/field6
C16C6263132FBF167ED9ABA24B08303D
user8391501575413644407/field4
D25C3BBC5724FF59AC3E0FB3E697281F
user6521231408463621464/field5
D7A0B301CF86E3551A3A532184CB4D59
user4997922999590466249/field5
57CE1661A64110C2ECD502AB9733FFD2
user5329269660149566272/field2
D62268988374FF9919203A42F85E8FD8
user6882935003186889365/field3
F8B2F305E4FBA781A0D3FD4B5BE1EA15
user5108340224729704523/field3
CBF7C905B85E4897CEE1906FF0A5536E
user8411707869809294592/field3
75DA1EC5496B2DBB0EA1C6F86790738A
user2760361450091468711/field4
977F1A088C20096DFD5221F66EDAC47D
user3936243125517000951/field4
2F5C04CFDB8770B1E15DBBB7F1855C42
user1357184275690385697/field3
4DCA0F448B2F0C31BC30568BC4EE0EE2
user3353268450079572736/field3
3182DB11C9F9D8E4EDE0B6240ACB31CC
user3710627508077871521/field5
6D88EB5631AAFF39D7E9D336E8B36217
user899463647179981130/field4
8AFC87A144B97677D764A335387B913D
user744630941818771935/field8
26A27A6CF8125272794EE6FA529D37BA
user4288574356201733490/field2
1443164ADE896BCF3346DBB98D5D85BD
user8421080233847829954/field8
06141248D78D330C17B4CA5E29054763
user7822927091328317800/field9
821F4E5FB8A0DA21C211B75C10978813
user296064362129060847/field2
421020264EB59F0DDD35ACE2AE87D334
Clean up....
[OVERALL], RunTime(ms), 69446.0
[OVERALL], Throughput(ops/sec), 14.399677447225182
[UPDATE], Operations, 483
[UPDATE], AverageLatency(us), 114226.46169772257
[UPDATE], MinLatency(us), 53982
[UPDATE], MaxLatency(us), 790768
[UPDATE], 95thPercentileLatency(ms), 282
[UPDATE], 99thPercentileLatency(ms), 610
[UPDATE], Return=0, 483
[UPDATE], 0, 0
[UPDATE], 1, 0
[UPDATE], 2, 0
[UPDATE], 3, 0
[UPDATE], 4, 0
[UPDATE], 5, 0
[UPDATE], 6, 0
[UPDATE], 7, 0
[UPDATE], 8, 0
[UPDATE], 9, 0
[UPDATE], 10, 0
[UPDATE], 11, 0
[UPDATE], 12, 0
[UPDATE], 13, 0
[UPDATE], 14, 0
[UPDATE], 15, 0
[UPDATE], 16, 0
[UPDATE], 17, 0
[UPDATE], 18, 0
[UPDATE], 19, 0
[UPDATE], 20, 0
[UPDATE], 21, 0
[UPDATE], 22, 0
[UPDATE], 23, 0
[UPDATE], 24, 0
[UPDATE], 25, 0
[UPDATE], 26, 0
[UPDATE], 27, 0
[UPDATE], 28, 0
[UPDATE], 29, 0
[UPDATE], 30, 0
[UPDATE], 31, 0
[UPDATE], 32, 0
[UPDATE], 33, 0
[UPDATE], 34, 0
[UPDATE], 35, 0
[UPDATE], 36, 0
[UPDATE], 37, 0
[UPDATE], 38, 0
[UPDATE], 39, 0
[UPDATE], 40, 0
[UPDATE], 41, 0
[UPDATE], 42, 0
[UPDATE], 43, 0
[UPDATE], 44, 0
[UPDATE], 45, 0
[UPDATE], 46, 0
[UPDATE], 47, 0
[UPDATE], 48, 0
[UPDATE], 49, 0
[UPDATE], 50, 0
[UPDATE], 51, 0
[UPDATE], 52, 0
[UPDATE], 53, 1
[UPDATE], 54, 3
[UPDATE], 55, 1
[UPDATE], 56, 2
[UPDATE], 57, 5
[UPDATE], 58, 6
[UPDATE], 59, 12
[UPDATE], 60, 9
[UPDATE], 61, 1
[UPDATE], 62, 9
[UPDATE], 63, 6
[UPDATE], 64, 7
[UPDATE], 65, 8
[UPDATE], 66, 13
[UPDATE], 67, 7
[UPDATE], 68, 10
[UPDATE], 69, 4
[UPDATE], 70, 6
[UPDATE], 71, 12
[UPDATE], 72, 12
[UPDATE], 73, 9
[UPDATE], 74, 8
[UPDATE], 75, 11
[UPDATE], 76, 17
[UPDATE], 77, 12
[UPDATE], 78, 9
[UPDATE], 79, 8
[UPDATE], 80, 8
[UPDATE], 81, 9
[UPDATE], 82, 3
[UPDATE], 83, 9
[UPDATE], 84, 8
[UPDATE], 85, 6
[UPDATE], 86, 9
[UPDATE], 87, 8
[UPDATE], 88, 5
[UPDATE], 89, 10
[UPDATE], 90, 4
[UPDATE], 91, 3
[UPDATE], 92, 4
[UPDATE], 93, 6
[UPDATE], 94, 2
[UPDATE], 95, 0
[UPDATE], 96, 7
[UPDATE], 97, 3
[UPDATE], 98, 2
[UPDATE], 99, 2
[UPDATE], 100, 5
[UPDATE], 101, 6
[UPDATE], 102, 4
[UPDATE], 103, 2
[UPDATE], 104, 7
[UPDATE], 105, 5
[UPDATE], 106, 2
[UPDATE], 107, 3
[UPDATE], 108, 2
[UPDATE], 109, 2
[UPDATE], 110, 4
[UPDATE], 111, 1
[UPDATE], 112, 2
[UPDATE], 113, 6
[UPDATE], 114, 2
[UPDATE], 115, 4
[UPDATE], 116, 3
[UPDATE], 117, 3
[UPDATE], 118, 3
[UPDATE], 119, 1
[UPDATE], 120, 0
[UPDATE], 121, 0
[UPDATE], 122, 0
[UPDATE], 123, 1
[UPDATE], 124, 0
[UPDATE], 125, 2
[UPDATE], 126, 1
[UPDATE], 127, 3
[UPDATE], 128, 1
[UPDATE], 129, 1
[UPDATE], 130, 1
[UPDATE], 131, 1
[UPDATE], 132, 3
[UPDATE], 133, 4
[UPDATE], 134, 0
[UPDATE], 135, 1
[UPDATE], 136, 2
[UPDATE], 137, 0
[UPDATE], 138, 1
[UPDATE], 139, 0
[UPDATE], 140, 4
[UPDATE], 141, 0
[UPDATE], 142, 0
[UPDATE], 143, 0
[UPDATE], 144, 0
[UPDATE], 145, 0
[UPDATE], 146, 1
[UPDATE], 147, 2
[UPDATE], 148, 0
[UPDATE], 149, 2
[UPDATE], 150, 1
[UPDATE], 151, 3
[UPDATE], 152, 0
[UPDATE], 153, 0
[UPDATE], 154, 1
[UPDATE], 155, 1
[UPDATE], 156, 0
[UPDATE], 157, 1
[UPDATE], 158, 0
[UPDATE], 159, 0
[UPDATE], 160, 1
[UPDATE], 161, 0
[UPDATE], 162, 0
[UPDATE], 163, 0
[UPDATE], 164, 1
[UPDATE], 165, 0
[UPDATE], 166, 1
[UPDATE], 167, 1
[UPDATE], 168, 0
[UPDATE], 169, 0
[UPDATE], 170, 0
[UPDATE], 171, 0
[UPDATE], 172, 0
[UPDATE], 173, 1
[UPDATE], 174, 0
[UPDATE], 175, 1
[UPDATE], 176, 0
[UPDATE], 177, 0
[UPDATE], 178, 1
[UPDATE], 179, 1
[UPDATE], 180, 0
[UPDATE], 181, 0
[UPDATE], 182, 0
[UPDATE], 183, 0
[UPDATE], 184, 3
[UPDATE], 185, 0
[UPDATE], 186, 1
[UPDATE], 187, 1
[UPDATE], 188, 0
[UPDATE], 189, 0
[UPDATE], 190, 1
[UPDATE], 191, 0
[UPDATE], 192, 1
[UPDATE], 193, 1
[UPDATE], 194, 0
[UPDATE], 195, 0
[UPDATE], 196, 0
[UPDATE], 197, 0
[UPDATE], 198, 1
[UPDATE], 199, 2
[UPDATE], 200, 0
[UPDATE], 201, 0
[UPDATE], 202, 0
[UPDATE], 203, 0
[UPDATE], 204, 1
[UPDATE], 205, 0
[UPDATE], 206, 0
[UPDATE], 207, 0
[UPDATE], 208, 0
[UPDATE], 209, 0
[UPDATE], 210, 0
[UPDATE], 211, 0
[UPDATE], 212, 0
[UPDATE], 213, 1
[UPDATE], 214, 1
[UPDATE], 215, 0
[UPDATE], 216, 0
[UPDATE], 217, 1
[UPDATE], 218, 0
[UPDATE], 219, 1
[UPDATE], 220, 0
[UPDATE], 221, 0
[UPDATE], 222, 0
[UPDATE], 223, 0
[UPDATE], 224, 0
[UPDATE], 225, 0
[UPDATE], 226, 0
[UPDATE], 227, 1
[UPDATE], 228, 0
[UPDATE], 229, 0
[UPDATE], 230, 0
[UPDATE], 231, 0
[UPDATE], 232, 0
[UPDATE], 233, 0
[UPDATE], 234, 1
[UPDATE], 235, 0
[UPDATE], 236, 1
[UPDATE], 237, 1
[UPDATE], 238, 0
[UPDATE], 239, 1
[UPDATE], 240, 0
[UPDATE], 241, 1
[UPDATE], 242, 0
[UPDATE], 243, 1
[UPDATE], 244, 0
[UPDATE], 245, 0
[UPDATE], 246, 0
[UPDATE], 247, 0
[UPDATE], 248, 1
[UPDATE], 249, 0
[UPDATE], 250, 0
[UPDATE], 251, 1
[UPDATE], 252, 0
[UPDATE], 253, 1
[UPDATE], 254, 0
[UPDATE], 255, 0
[UPDATE], 256, 0
[UPDATE], 257, 0
[UPDATE], 258, 0
[UPDATE], 259, 0
[UPDATE], 260, 0
[UPDATE], 261, 0
[UPDATE], 262, 0
[UPDATE], 263, 0
[UPDATE], 264, 0
[UPDATE], 265, 0
[UPDATE], 266, 0
[UPDATE], 267, 1
[UPDATE], 268, 0
[UPDATE], 269, 0
[UPDATE], 270, 0
[UPDATE], 271, 0
[UPDATE], 272, 0
[UPDATE], 273, 0
[UPDATE], 274, 1
[UPDATE], 275, 0
[UPDATE], 276, 0
[UPDATE], 277, 0
[UPDATE], 278, 0
[UPDATE], 279, 0
[UPDATE], 280, 0
[UPDATE], 281, 1
[UPDATE], 282, 1
[UPDATE], 283, 0
[UPDATE], 284, 0
[UPDATE], 285, 0
[UPDATE], 286, 0
[UPDATE], 287, 0
[UPDATE], 288, 0
[UPDATE], 289, 0
[UPDATE], 290, 0
[UPDATE], 291, 0
[UPDATE], 292, 1
[UPDATE], 293, 0
[UPDATE], 294, 0
[UPDATE], 295, 0
[UPDATE], 296, 0
[UPDATE], 297, 0
[UPDATE], 298, 0
[UPDATE], 299, 1
[UPDATE], 300, 0
[UPDATE], 301, 0
[UPDATE], 302, 0
[UPDATE], 303, 0
[UPDATE], 304, 0
[UPDATE], 305, 1
[UPDATE], 306, 0
[UPDATE], 307, 0
[UPDATE], 308, 1
[UPDATE], 309, 0
[UPDATE], 310, 0
[UPDATE], 311, 0
[UPDATE], 312, 0
[UPDATE], 313, 1
[UPDATE], 314, 0
[UPDATE], 315, 0
[UPDATE], 316, 0
[UPDATE], 317, 1
[UPDATE], 318, 0
[UPDATE], 319, 0
[UPDATE], 320, 0
[UPDATE], 321, 0
[UPDATE], 322, 0
[UPDATE], 323, 0
[UPDATE], 324, 0
[UPDATE], 325, 1
[UPDATE], 326, 1
[UPDATE], 327, 0
[UPDATE], 328, 0
[UPDATE], 329, 0
[UPDATE], 330, 0
[UPDATE], 331, 1
[UPDATE], 332, 0
[UPDATE], 333, 0
[UPDATE], 334, 0
[UPDATE], 335, 0
[UPDATE], 336, 0
[UPDATE], 337, 0
[UPDATE], 338, 0
[UPDATE], 339, 0
[UPDATE], 340, 0
[UPDATE], 341, 0
[UPDATE], 342, 1
[UPDATE], 343, 0
[UPDATE], 344, 0
[UPDATE], 345, 0
[UPDATE], 346, 0
[UPDATE], 347, 0
[UPDATE], 348, 0
[UPDATE], 349, 0
[UPDATE], 350, 0
[UPDATE], 351, 0
[UPDATE], 352, 0
[UPDATE], 353, 0
[UPDATE], 354, 0
[UPDATE], 355, 0
[UPDATE], 356, 0
[UPDATE], 357, 0
[UPDATE], 358, 0
[UPDATE], 359, 0
[UPDATE], 360, 0
[UPDATE], 361, 0
[UPDATE], 362, 0
[UPDATE], 363, 0
[UPDATE], 364, 0
[UPDATE], 365, 0
[UPDATE], 366, 0
[UPDATE], 367, 0
[UPDATE], 368, 0
[UPDATE], 369, 0
[UPDATE], 370, 0
[UPDATE], 371, 0
[UPDATE], 372, 0
[UPDATE], 373, 0
[UPDATE], 374, 0
[UPDATE], 375, 0
[UPDATE], 376, 0
[UPDATE], 377, 0
[UPDATE], 378, 0
[UPDATE], 379, 0
[UPDATE], 380, 0
[UPDATE], 381, 0
[UPDATE], 382, 0
[UPDATE], 383, 0
[UPDATE], 384, 0
[UPDATE], 385, 0
[UPDATE], 386, 0
[UPDATE], 387, 0
[UPDATE], 388, 0
[UPDATE], 389, 0
[UPDATE], 390, 0
[UPDATE], 391, 0
[UPDATE], 392, 0
[UPDATE], 393, 0
[UPDATE], 394, 0
[UPDATE], 395, 0
[UPDATE], 396, 0
[UPDATE], 397, 0
[UPDATE], 398, 0
[UPDATE], 399, 0
[UPDATE], 400, 1
[UPDATE], 401, 0
[UPDATE], 402, 0
[UPDATE], 403, 0
[UPDATE], 404, 0
[UPDATE], 405, 0
[UPDATE], 406, 0
[UPDATE], 407, 0
[UPDATE], 408, 0
[UPDATE], 409, 0
[UPDATE], 410, 0
[UPDATE], 411, 0
[UPDATE], 412, 0
[UPDATE], 413, 0
[UPDATE], 414, 0
[UPDATE], 415, 0
[UPDATE], 416, 0
[UPDATE], 417, 0
[UPDATE], 418, 0
[UPDATE], 419, 0
[UPDATE], 420, 0
[UPDATE], 421, 0
[UPDATE], 422, 0
[UPDATE], 423, 0
[UPDATE], 424, 1
[UPDATE], 425, 0
[UPDATE], 426, 0
[UPDATE], 427, 0
[UPDATE], 428, 0
[UPDATE], 429, 0
[UPDATE], 430, 0
[UPDATE], 431, 1
[UPDATE], 432, 0
[UPDATE], 433, 0
[UPDATE], 434, 0
[UPDATE], 435, 0
[UPDATE], 436, 1
[UPDATE], 437, 0
[UPDATE], 438, 0
[UPDATE], 439, 0
[UPDATE], 440, 0
[UPDATE], 441, 0
[UPDATE], 442, 0
[UPDATE], 443, 0
[UPDATE], 444, 0
[UPDATE], 445, 0
[UPDATE], 446, 0
[UPDATE], 447, 0
[UPDATE], 448, 0
[UPDATE], 449, 0
[UPDATE], 450, 0
[UPDATE], 451, 0
[UPDATE], 452, 0
[UPDATE], 453, 0
[UPDATE], 454, 0
[UPDATE], 455, 0
[UPDATE], 456, 0
[UPDATE], 457, 0
[UPDATE], 458, 0
[UPDATE], 459, 0
[UPDATE], 460, 0
[UPDATE], 461, 0
[UPDATE], 462, 0
[UPDATE], 463, 0
[UPDATE], 464, 0
[UPDATE], 465, 0
[UPDATE], 466, 0
[UPDATE], 467, 0
[UPDATE], 468, 0
[UPDATE], 469, 0
[UPDATE], 470, 0
[UPDATE], 471, 0
[UPDATE], 472, 0
[UPDATE], 473, 0
[UPDATE], 474, 0
[UPDATE], 475, 0
[UPDATE], 476, 0
[UPDATE], 477, 0
[UPDATE], 478, 0
[UPDATE], 479, 0
[UPDATE], 480, 0
[UPDATE], 481, 0
[UPDATE], 482, 0
[UPDATE], 483, 0
[UPDATE], 484, 0
[UPDATE], 485, 1
[UPDATE], 486, 0
[UPDATE], 487, 0
[UPDATE], 488, 0
[UPDATE], 489, 0
[UPDATE], 490, 0
[UPDATE], 491, 0
[UPDATE], 492, 0
[UPDATE], 493, 0
[UPDATE], 494, 0
[UPDATE], 495, 0
[UPDATE], 496, 0
[UPDATE], 497, 0
[UPDATE], 498, 0
[UPDATE], 499, 0
[UPDATE], 500, 0
[UPDATE], 501, 0
[UPDATE], 502, 0
[UPDATE], 503, 0
[UPDATE], 504, 0
[UPDATE], 505, 1
[UPDATE], 506, 0
[UPDATE], 507, 0
[UPDATE], 508, 1
[UPDATE], 509, 0
[UPDATE], 510, 0
[UPDATE], 511, 0
[UPDATE], 512, 0
[UPDATE], 513, 0
[UPDATE], 514, 0
[UPDATE], 515, 0
[UPDATE], 516, 0
[UPDATE], 517, 0
[UPDATE], 518, 0
[UPDATE], 519, 0
[UPDATE], 520, 0
[UPDATE], 521, 0
[UPDATE], 522, 0
[UPDATE], 523, 0
[UPDATE], 524, 0
[UPDATE], 525, 0
[UPDATE], 526, 1
[UPDATE], 527, 0
[UPDATE], 528, 0
[UPDATE], 529, 0
[UPDATE], 530, 0
[UPDATE], 531, 0
[UPDATE], 532, 0
[UPDATE], 533, 1
[UPDATE], 534, 0
[UPDATE], 535, 0
[UPDATE], 536, 0
[UPDATE], 537, 0
[UPDATE], 538, 0
[UPDATE], 539, 0
[UPDATE], 540, 0
[UPDATE], 541, 0
[UPDATE], 542, 0
[UPDATE], 543, 0
[UPDATE], 544, 0
[UPDATE], 545, 0
[UPDATE], 546, 0
[UPDATE], 547, 0
[UPDATE], 548, 0
[UPDATE], 549, 0
[UPDATE], 550, 0
[UPDATE], 551, 0
[UPDATE], 552, 0
[UPDATE], 553, 0
[UPDATE], 554, 0
[UPDATE], 555, 0
[UPDATE], 556, 0
[UPDATE], 557, 0
[UPDATE], 558, 0
[UPDATE], 559, 0
[UPDATE], 560, 0
[UPDATE], 561, 0
[UPDATE], 562, 0
[UPDATE], 563, 0
[UPDATE], 564, 0
[UPDATE], 565, 0
[UPDATE], 566, 0
[UPDATE], 567, 0
[UPDATE], 568, 0
[UPDATE], 569, 0
[UPDATE], 570, 0
[UPDATE], 571, 0
[UPDATE], 572, 0
[UPDATE], 573, 0
[UPDATE], 574, 0
[UPDATE], 575, 0
[UPDATE], 576, 0
[UPDATE], 577, 0
[UPDATE], 578, 0
[UPDATE], 579, 0
[UPDATE], 580, 0
[UPDATE], 581, 0
[UPDATE], 582, 0
[UPDATE], 583, 0
[UPDATE], 584, 0
[UPDATE], 585, 0
[UPDATE], 586, 0
[UPDATE], 587, 0
[UPDATE], 588, 0
[UPDATE], 589, 0
[UPDATE], 590, 0
[UPDATE], 591, 0
[UPDATE], 592, 0
[UPDATE], 593, 0
[UPDATE], 594, 0
[UPDATE], 595, 0
[UPDATE], 596, 0
[UPDATE], 597, 0
[UPDATE], 598, 0
[UPDATE], 599, 0
[UPDATE], 600, 0
[UPDATE], 601, 0
[UPDATE], 602, 0
[UPDATE], 603, 0
[UPDATE], 604, 0
[UPDATE], 605, 0
[UPDATE], 606, 0
[UPDATE], 607, 0
[UPDATE], 608, 0
[UPDATE], 609, 0
[UPDATE], 610, 1
[UPDATE], 611, 0
[UPDATE], 612, 0
[UPDATE], 613, 0
[UPDATE], 614, 0
[UPDATE], 615, 0
[UPDATE], 616, 0
[UPDATE], 617, 0
[UPDATE], 618, 0
[UPDATE], 619, 1
[UPDATE], 620, 0
[UPDATE], 621, 0
[UPDATE], 622, 0
[UPDATE], 623, 0
[UPDATE], 624, 0
[UPDATE], 625, 1
[UPDATE], 626, 0
[UPDATE], 627, 0
[UPDATE], 628, 1
[UPDATE], 629, 0
[UPDATE], 630, 0
[UPDATE], 631, 0
[UPDATE], 632, 0
[UPDATE], 633, 0
[UPDATE], 634, 0
[UPDATE], 635, 0
[UPDATE], 636, 0
[UPDATE], 637, 0
[UPDATE], 638, 0
[UPDATE], 639, 0
[UPDATE], 640, 0
[UPDATE], 641, 0
[UPDATE], 642, 0
[UPDATE], 643, 0
[UPDATE], 644, 0
[UPDATE], 645, 0
[UPDATE], 646, 0
[UPDATE], 647, 0
[UPDATE], 648, 0
[UPDATE], 649, 0
[UPDATE], 650, 0
[UPDATE], 651, 0
[UPDATE], 652, 0
[UPDATE], 653, 0
[UPDATE], 654, 0
[UPDATE], 655, 0
[UPDATE], 656, 0
[UPDATE], 657, 0
[UPDATE], 658, 0
[UPDATE], 659, 0
[UPDATE], 660, 0
[UPDATE], 661, 0
[UPDATE], 662, 0
[UPDATE], 663, 0
[UPDATE], 664, 0
[UPDATE], 665, 0
[UPDATE], 666, 0
[UPDATE], 667, 0
[UPDATE], 668, 0
[UPDATE], 669, 0
[UPDATE], 670, 0
[UPDATE], 671, 0
[UPDATE], 672, 0
[UPDATE], 673, 0
[UPDATE], 674, 0
[UPDATE], 675, 0
[UPDATE], 676, 0
[UPDATE], 677, 0
[UPDATE], 678, 0
[UPDATE], 679, 0
[UPDATE], 680, 0
[UPDATE], 681, 0
[UPDATE], 682, 0
[UPDATE], 683, 0
[UPDATE], 684, 0
[UPDATE], 685, 0
[UPDATE], 686, 0
[UPDATE], 687, 0
[UPDATE], 688, 0
[UPDATE], 689, 0
[UPDATE], 690, 0
[UPDATE], 691, 0
[UPDATE], 692, 0
[UPDATE], 693, 0
[UPDATE], 694, 0
[UPDATE], 695, 0
[UPDATE], 696, 0
[UPDATE], 697, 0
[UPDATE], 698, 0
[UPDATE], 699, 0
[UPDATE], 700, 0
[UPDATE], 701, 0
[UPDATE], 702, 0
[UPDATE], 703, 0
[UPDATE], 704, 0
[UPDATE], 705, 0
[UPDATE], 706, 0
[UPDATE], 707, 0
[UPDATE], 708, 0
[UPDATE], 709, 0
[UPDATE], 710, 0
[UPDATE], 711, 0
[UPDATE], 712, 0
[UPDATE], 713, 0
[UPDATE], 714, 0
[UPDATE], 715, 0
[UPDATE], 716, 0
[UPDATE], 717, 0
[UPDATE], 718, 0
[UPDATE], 719, 0
[UPDATE], 720, 0
[UPDATE], 721, 0
[UPDATE], 722, 0
[UPDATE], 723, 0
[UPDATE], 724, 0
[UPDATE], 725, 0
[UPDATE], 726, 0
[UPDATE], 727, 0
[UPDATE], 728, 0
[UPDATE], 729, 0
[UPDATE], 730, 0
[UPDATE], 731, 0
[UPDATE], 732, 0
[UPDATE], 733, 0
[UPDATE], 734, 0
[UPDATE], 735, 0
[UPDATE], 736, 0
[UPDATE], 737, 0
[UPDATE], 738, 0
[UPDATE], 739, 0
[UPDATE], 740, 0
[UPDATE], 741, 0
[UPDATE], 742, 0
[UPDATE], 743, 0
[UPDATE], 744, 0
[UPDATE], 745, 0
[UPDATE], 746, 0
[UPDATE], 747, 0
[UPDATE], 748, 0
[UPDATE], 749, 0
[UPDATE], 750, 0
[UPDATE], 751, 0
[UPDATE], 752, 0
[UPDATE], 753, 0
[UPDATE], 754, 0
[UPDATE], 755, 0
[UPDATE], 756, 0
[UPDATE], 757, 0
[UPDATE], 758, 0
[UPDATE], 759, 0
[UPDATE], 760, 0
[UPDATE], 761, 0
[UPDATE], 762, 0
[UPDATE], 763, 0
[UPDATE], 764, 0
[UPDATE], 765, 0
[UPDATE], 766, 0
[UPDATE], 767, 0
[UPDATE], 768, 0
[UPDATE], 769, 0
[UPDATE], 770, 0
[UPDATE], 771, 0
[UPDATE], 772, 0
[UPDATE], 773, 0
[UPDATE], 774, 0
[UPDATE], 775, 0
[UPDATE], 776, 0
[UPDATE], 777, 0
[UPDATE], 778, 0
[UPDATE], 779, 0
[UPDATE], 780, 0
[UPDATE], 781, 0
[UPDATE], 782, 0
[UPDATE], 783, 0
[UPDATE], 784, 0
[UPDATE], 785, 0
[UPDATE], 786, 0
[UPDATE], 787, 0
[UPDATE], 788, 0
[UPDATE], 789, 0
[UPDATE], 790, 1
[UPDATE], 791, 0
[UPDATE], 792, 0
[UPDATE], 793, 0
[UPDATE], 794, 0
[UPDATE], 795, 0
[UPDATE], 796, 0
[UPDATE], 797, 0
[UPDATE], 798, 0
[UPDATE], 799, 0
[UPDATE], 800, 0
[UPDATE], 801, 0
[UPDATE], 802, 0
[UPDATE], 803, 0
[UPDATE], 804, 0
[UPDATE], 805, 0
[UPDATE], 806, 0
[UPDATE], 807, 0
[UPDATE], 808, 0
[UPDATE], 809, 0
[UPDATE], 810, 0
[UPDATE], 811, 0
[UPDATE], 812, 0
[UPDATE], 813, 0
[UPDATE], 814, 0
[UPDATE], 815, 0
[UPDATE], 816, 0
[UPDATE], 817, 0
[UPDATE], 818, 0
[UPDATE], 819, 0
[UPDATE], 820, 0
[UPDATE], 821, 0
[UPDATE], 822, 0
[UPDATE], 823, 0
[UPDATE], 824, 0
[UPDATE], 825, 0
[UPDATE], 826, 0
[UPDATE], 827, 0
[UPDATE], 828, 0
[UPDATE], 829, 0
[UPDATE], 830, 0
[UPDATE], 831, 0
[UPDATE], 832, 0
[UPDATE], 833, 0
[UPDATE], 834, 0
[UPDATE], 835, 0
[UPDATE], 836, 0
[UPDATE], 837, 0
[UPDATE], 838, 0
[UPDATE], 839, 0
[UPDATE], 840, 0
[UPDATE], 841, 0
[UPDATE], 842, 0
[UPDATE], 843, 0
[UPDATE], 844, 0
[UPDATE], 845, 0
[UPDATE], 846, 0
[UPDATE], 847, 0
[UPDATE], 848, 0
[UPDATE], 849, 0
[UPDATE], 850, 0
[UPDATE], 851, 0
[UPDATE], 852, 0
[UPDATE], 853, 0
[UPDATE], 854, 0
[UPDATE], 855, 0
[UPDATE], 856, 0
[UPDATE], 857, 0
[UPDATE], 858, 0
[UPDATE], 859, 0
[UPDATE], 860, 0
[UPDATE], 861, 0
[UPDATE], 862, 0
[UPDATE], 863, 0
[UPDATE], 864, 0
[UPDATE], 865, 0
[UPDATE], 866, 0
[UPDATE], 867, 0
[UPDATE], 868, 0
[UPDATE], 869, 0
[UPDATE], 870, 0
[UPDATE], 871, 0
[UPDATE], 872, 0
[UPDATE], 873, 0
[UPDATE], 874, 0
[UPDATE], 875, 0
[UPDATE], 876, 0
[UPDATE], 877, 0
[UPDATE], 878, 0
[UPDATE], 879, 0
[UPDATE], 880, 0
[UPDATE], 881, 0
[UPDATE], 882, 0
[UPDATE], 883, 0
[UPDATE], 884, 0
[UPDATE], 885, 0
[UPDATE], 886, 0
[UPDATE], 887, 0
[UPDATE], 888, 0
[UPDATE], 889, 0
[UPDATE], 890, 0
[UPDATE], 891, 0
[UPDATE], 892, 0
[UPDATE], 893, 0
[UPDATE], 894, 0
[UPDATE], 895, 0
[UPDATE], 896, 0
[UPDATE], 897, 0
[UPDATE], 898, 0
[UPDATE], 899, 0
[UPDATE], 900, 0
[UPDATE], 901, 0
[UPDATE], 902, 0
[UPDATE], 903, 0
[UPDATE], 904, 0
[UPDATE], 905, 0
[UPDATE], 906, 0
[UPDATE], 907, 0
[UPDATE], 908, 0
[UPDATE], 909, 0
[UPDATE], 910, 0
[UPDATE], 911, 0
[UPDATE], 912, 0
[UPDATE], 913, 0
[UPDATE], 914, 0
[UPDATE], 915, 0
[UPDATE], 916, 0
[UPDATE], 917, 0
[UPDATE], 918, 0
[UPDATE], 919, 0
[UPDATE], 920, 0
[UPDATE], 921, 0
[UPDATE], 922, 0
[UPDATE], 923, 0
[UPDATE], 924, 0
[UPDATE], 925, 0
[UPDATE], 926, 0
[UPDATE], 927, 0
[UPDATE], 928, 0
[UPDATE], 929, 0
[UPDATE], 930, 0
[UPDATE], 931, 0
[UPDATE], 932, 0
[UPDATE], 933, 0
[UPDATE], 934, 0
[UPDATE], 935, 0
[UPDATE], 936, 0
[UPDATE], 937, 0
[UPDATE], 938, 0
[UPDATE], 939, 0
[UPDATE], 940, 0
[UPDATE], 941, 0
[UPDATE], 942, 0
[UPDATE], 943, 0
[UPDATE], 944, 0
[UPDATE], 945, 0
[UPDATE], 946, 0
[UPDATE], 947, 0
[UPDATE], 948, 0
[UPDATE], 949, 0
[UPDATE], 950, 0
[UPDATE], 951, 0
[UPDATE], 952, 0
[UPDATE], 953, 0
[UPDATE], 954, 0
[UPDATE], 955, 0
[UPDATE], 956, 0
[UPDATE], 957, 0
[UPDATE], 958, 0
[UPDATE], 959, 0
[UPDATE], 960, 0
[UPDATE], 961, 0
[UPDATE], 962, 0
[UPDATE], 963, 0
[UPDATE], 964, 0
[UPDATE], 965, 0
[UPDATE], 966, 0
[UPDATE], 967, 0
[UPDATE], 968, 0
[UPDATE], 969, 0
[UPDATE], 970, 0
[UPDATE], 971, 0
[UPDATE], 972, 0
[UPDATE], 973, 0
[UPDATE], 974, 0
[UPDATE], 975, 0
[UPDATE], 976, 0
[UPDATE], 977, 0
[UPDATE], 978, 0
[UPDATE], 979, 0
[UPDATE], 980, 0
[UPDATE], 981, 0
[UPDATE], 982, 0
[UPDATE], 983, 0
[UPDATE], 984, 0
[UPDATE], 985, 0
[UPDATE], 986, 0
[UPDATE], 987, 0
[UPDATE], 988, 0
[UPDATE], 989, 0
[UPDATE], 990, 0
[UPDATE], 991, 0
[UPDATE], 992, 0
[UPDATE], 993, 0
[UPDATE], 994, 0
[UPDATE], 995, 0
[UPDATE], 996, 0
[UPDATE], 997, 0
[UPDATE], 998, 0
[UPDATE], 999, 0
[UPDATE], >1000, 0
[READ], Operations, 517
[READ], AverageLatency(us), 26374.81431334623
[READ], MinLatency(us), 16766
[READ], MaxLatency(us), 159065
[READ], 95thPercentileLatency(ms), 45
[READ], 99thPercentileLatency(ms), 121
[READ], Return=0, 517
[READ], 0, 0
[READ], 1, 0
[READ], 2, 0
[READ], 3, 0
[READ], 4, 0
[READ], 5, 0
[READ], 6, 0
[READ], 7, 0
[READ], 8, 0
[READ], 9, 0
[READ], 10, 0
[READ], 11, 0
[READ], 12, 0
[READ], 13, 0
[READ], 14, 0
[READ], 15, 0
[READ], 16, 1
[READ], 17, 12
[READ], 18, 32
[READ], 19, 49
[READ], 20, 77
[READ], 21, 41
[READ], 22, 62
[READ], 23, 49
[READ], 24, 44
[READ], 25, 28
[READ], 26, 23
[READ], 27, 22
[READ], 28, 9
[READ], 29, 9
[READ], 30, 7
[READ], 31, 6
[READ], 32, 0
[READ], 33, 4
[READ], 34, 1
[READ], 35, 3
[READ], 36, 1
[READ], 37, 0
[READ], 38, 1
[READ], 39, 4
[READ], 40, 2
[READ], 41, 2
[READ], 42, 1
[READ], 43, 0
[READ], 44, 1
[READ], 45, 2
[READ], 46, 1
[READ], 47, 0
[READ], 48, 2
[READ], 49, 1
[READ], 50, 1
[READ], 51, 0
[READ], 52, 0
[READ], 53, 1
[READ], 54, 1
[READ], 55, 0
[READ], 56, 0
[READ], 57, 0
[READ], 58, 0
[READ], 59, 0
[READ], 60, 0
[READ], 61, 0
[READ], 62, 0
[READ], 63, 0
[READ], 64, 0
[READ], 65, 0
[READ], 66, 0
[READ], 67, 1
[READ], 68, 1
[READ], 69, 0
[READ], 70, 2
[READ], 71, 0
[READ], 72, 0
[READ], 73, 2
[READ], 74, 1
[READ], 75, 1
[READ], 76, 0
[READ], 77, 0
[READ], 78, 0
[READ], 79, 0
[READ], 80, 0
[READ], 81, 0
[READ], 82, 0
[READ], 83, 1
[READ], 84, 0
[READ], 85, 0
[READ], 86, 0
[READ], 87, 0
[READ], 88, 0
[READ], 89, 0
[READ], 90, 0
[READ], 91, 0
[READ], 92, 0
[READ], 93, 0
[READ], 94, 0
[READ], 95, 0
[READ], 96, 0
[READ], 97, 0
[READ], 98, 0
[READ], 99, 0
[READ], 100, 0
[READ], 101, 0
[READ], 102, 0
[READ], 103, 0
[READ], 104, 0
[READ], 105, 0
[READ], 106, 0
[READ], 107, 0
[READ], 108, 0
[READ], 109, 0
[READ], 110, 1
[READ], 111, 0
[READ], 112, 0
[READ], 113, 0
[READ], 114, 0
[READ], 115, 0
[READ], 116, 0
[READ], 117, 0
[READ], 118, 0
[READ], 119, 1
[READ], 120, 0
[READ], 121, 1
[READ], 122, 1
[READ], 123, 0
[READ], 124, 0
[READ], 125, 0
[READ], 126, 0
[READ], 127, 1
[READ], 128, 0
[READ], 129, 0
[READ], 130, 0
[READ], 131, 0
[READ], 132, 0
[READ], 133, 0
[READ], 134, 0
[READ], 135, 0
[READ], 136, 0
[READ], 137, 0
[READ], 138, 0
[READ], 139, 0
[READ], 140, 0
[READ], 141, 0
[READ], 142, 0
[READ], 143, 0
[READ], 144, 1
[READ], 145, 0
[READ], 146, 0
[READ], 147, 0
[READ], 148, 1
[READ], 149, 0
[READ], 150, 0
[READ], 151, 0
[READ], 152, 0
[READ], 153, 0
[READ], 154, 0
[READ], 155, 0
[READ], 156, 0
[READ], 157, 0
[READ], 158, 0
[READ], 159, 1
[READ], 160, 0
[READ], 161, 0
[READ], 162, 0
[READ], 163, 0
[READ], 164, 0
[READ], 165, 0
[READ], 166, 0
[READ], 167, 0
[READ], 168, 0
[READ], 169, 0
[READ], 170, 0
[READ], 171, 0
[READ], 172, 0
[READ], 173, 0
[READ], 174, 0
[READ], 175, 0
[READ], 176, 0
[READ], 177, 0
[READ], 178, 0
[READ], 179, 0
[READ], 180, 0
[READ], 181, 0
[READ], 182, 0
[READ], 183, 0
[READ], 184, 0
[READ], 185, 0
[READ], 186, 0
[READ], 187, 0
[READ], 188, 0
[READ], 189, 0
[READ], 190, 0
[READ], 191, 0
[READ], 192, 0
[READ], 193, 0
[READ], 194, 0
[READ], 195, 0
[READ], 196, 0
[READ], 197, 0
[READ], 198, 0
[READ], 199, 0
[READ], 200, 0
[READ], 201, 0
[READ], 202, 0
[READ], 203, 0
[READ], 204, 0
[READ], 205, 0
[READ], 206, 0
[READ], 207, 0
[READ], 208, 0
[READ], 209, 0
[READ], 210, 0
[READ], 211, 0
[READ], 212, 0
[READ], 213, 0
[READ], 214, 0
[READ], 215, 0
[READ], 216, 0
[READ], 217, 0
[READ], 218, 0
[READ], 219, 0
[READ], 220, 0
[READ], 221, 0
[READ], 222, 0
[READ], 223, 0
[READ], 224, 0
[READ], 225, 0
[READ], 226, 0
[READ], 227, 0
[READ], 228, 0
[READ], 229, 0
[READ], 230, 0
[READ], 231, 0
[READ], 232, 0
[READ], 233, 0
[READ], 234, 0
[READ], 235, 0
[READ], 236, 0
[READ], 237, 0
[READ], 238, 0
[READ], 239, 0
[READ], 240, 0
[READ], 241, 0
[READ], 242, 0
[READ], 243, 0
[READ], 244, 0
[READ], 245, 0
[READ], 246, 0
[READ], 247, 0
[READ], 248, 0
[READ], 249, 0
[READ], 250, 0
[READ], 251, 0
[READ], 252, 0
[READ], 253, 0
[READ], 254, 0
[READ], 255, 0
[READ], 256, 0
[READ], 257, 0
[READ], 258, 0
[READ], 259, 0
[READ], 260, 0
[READ], 261, 0
[READ], 262, 0
[READ], 263, 0
[READ], 264, 0
[READ], 265, 0
[READ], 266, 0
[READ], 267, 0
[READ], 268, 0
[READ], 269, 0
[READ], 270, 0
[READ], 271, 0
[READ], 272, 0
[READ], 273, 0
[READ], 274, 0
[READ], 275, 0
[READ], 276, 0
[READ], 277, 0
[READ], 278, 0
[READ], 279, 0
[READ], 280, 0
[READ], 281, 0
[READ], 282, 0
[READ], 283, 0
[READ], 284, 0
[READ], 285, 0
[READ], 286, 0
[READ], 287, 0
[READ], 288, 0
[READ], 289, 0
[READ], 290, 0
[READ], 291, 0
[READ], 292, 0
[READ], 293, 0
[READ], 294, 0
[READ], 295, 0
[READ], 296, 0
[READ], 297, 0
[READ], 298, 0
[READ], 299, 0
[READ], 300, 0
[READ], 301, 0
[READ], 302, 0
[READ], 303, 0
[READ], 304, 0
[READ], 305, 0
[READ], 306, 0
[READ], 307, 0
[READ], 308, 0
[READ], 309, 0
[READ], 310, 0
[READ], 311, 0
[READ], 312, 0
[READ], 313, 0
[READ], 314, 0
[READ], 315, 0
[READ], 316, 0
[READ], 317, 0
[READ], 318, 0
[READ], 319, 0
[READ], 320, 0
[READ], 321, 0
[READ], 322, 0
[READ], 323, 0
[READ], 324, 0
[READ], 325, 0
[READ], 326, 0
[READ], 327, 0
[READ], 328, 0
[READ], 329, 0
[READ], 330, 0
[READ], 331, 0
[READ], 332, 0
[READ], 333, 0
[READ], 334, 0
[READ], 335, 0
[READ], 336, 0
[READ], 337, 0
[READ], 338, 0
[READ], 339, 0
[READ], 340, 0
[READ], 341, 0
[READ], 342, 0
[READ], 343, 0
[READ], 344, 0
[READ], 345, 0
[READ], 346, 0
[READ], 347, 0
[READ], 348, 0
[READ], 349, 0
[READ], 350, 0
[READ], 351, 0
[READ], 352, 0
[READ], 353, 0
[READ], 354, 0
[READ], 355, 0
[READ], 356, 0
[READ], 357, 0
[READ], 358, 0
[READ], 359, 0
[READ], 360, 0
[READ], 361, 0
[READ], 362, 0
[READ], 363, 0
[READ], 364, 0
[READ], 365, 0
[READ], 366, 0
[READ], 367, 0
[READ], 368, 0
[READ], 369, 0
[READ], 370, 0
[READ], 371, 0
[READ], 372, 0
[READ], 373, 0
[READ], 374, 0
[READ], 375, 0
[READ], 376, 0
[READ], 377, 0
[READ], 378, 0
[READ], 379, 0
[READ], 380, 0
[READ], 381, 0
[READ], 382, 0
[READ], 383, 0
[READ], 384, 0
[READ], 385, 0
[READ], 386, 0
[READ], 387, 0
[READ], 388, 0
[READ], 389, 0
[READ], 390, 0
[READ], 391, 0
[READ], 392, 0
[READ], 393, 0
[READ], 394, 0
[READ], 395, 0
[READ], 396, 0
[READ], 397, 0
[READ], 398, 0
[READ], 399, 0
[READ], 400, 0
[READ], 401, 0
[READ], 402, 0
[READ], 403, 0
[READ], 404, 0
[READ], 405, 0
[READ], 406, 0
[READ], 407, 0
[READ], 408, 0
[READ], 409, 0
[READ], 410, 0
[READ], 411, 0
[READ], 412, 0
[READ], 413, 0
[READ], 414, 0
[READ], 415, 0
[READ], 416, 0
[READ], 417, 0
[READ], 418, 0
[READ], 419, 0
[READ], 420, 0
[READ], 421, 0
[READ], 422, 0
[READ], 423, 0
[READ], 424, 0
[READ], 425, 0
[READ], 426, 0
[READ], 427, 0
[READ], 428, 0
[READ], 429, 0
[READ], 430, 0
[READ], 431, 0
[READ], 432, 0
[READ], 433, 0
[READ], 434, 0
[READ], 435, 0
[READ], 436, 0
[READ], 437, 0
[READ], 438, 0
[READ], 439, 0
[READ], 440, 0
[READ], 441, 0
[READ], 442, 0
[READ], 443, 0
[READ], 444, 0
[READ], 445, 0
[READ], 446, 0
[READ], 447, 0
[READ], 448, 0
[READ], 449, 0
[READ], 450, 0
[READ], 451, 0
[READ], 452, 0
[READ], 453, 0
[READ], 454, 0
[READ], 455, 0
[READ], 456, 0
[READ], 457, 0
[READ], 458, 0
[READ], 459, 0
[READ], 460, 0
[READ], 461, 0
[READ], 462, 0
[READ], 463, 0
[READ], 464, 0
[READ], 465, 0
[READ], 466, 0
[READ], 467, 0
[READ], 468, 0
[READ], 469, 0
[READ], 470, 0
[READ], 471, 0
[READ], 472, 0
[READ], 473, 0
[READ], 474, 0
[READ], 475, 0
[READ], 476, 0
[READ], 477, 0
[READ], 478, 0
[READ], 479, 0
[READ], 480, 0
[READ], 481, 0
[READ], 482, 0
[READ], 483, 0
[READ], 484, 0
[READ], 485, 0
[READ], 486, 0
[READ], 487, 0
[READ], 488, 0
[READ], 489, 0
[READ], 490, 0
[READ], 491, 0
[READ], 492, 0
[READ], 493, 0
[READ], 494, 0
[READ], 495, 0
[READ], 496, 0
[READ], 497, 0
[READ], 498, 0
[READ], 499, 0
[READ], 500, 0
[READ], 501, 0
[READ], 502, 0
[READ], 503, 0
[READ], 504, 0
[READ], 505, 0
[READ], 506, 0
[READ], 507, 0
[READ], 508, 0
[READ], 509, 0
[READ], 510, 0
[READ], 511, 0
[READ], 512, 0
[READ], 513, 0
[READ], 514, 0
[READ], 515, 0
[READ], 516, 0
[READ], 517, 0
[READ], 518, 0
[READ], 519, 0
[READ], 520, 0
[READ], 521, 0
[READ], 522, 0
[READ], 523, 0
[READ], 524, 0
[READ], 525, 0
[READ], 526, 0
[READ], 527, 0
[READ], 528, 0
[READ], 529, 0
[READ], 530, 0
[READ], 531, 0
[READ], 532, 0
[READ], 533, 0
[READ], 534, 0
[READ], 535, 0
[READ], 536, 0
[READ], 537, 0
[READ], 538, 0
[READ], 539, 0
[READ], 540, 0
[READ], 541, 0
[READ], 542, 0
[READ], 543, 0
[READ], 544, 0
[READ], 545, 0
[READ], 546, 0
[READ], 547, 0
[READ], 548, 0
[READ], 549, 0
[READ], 550, 0
[READ], 551, 0
[READ], 552, 0
[READ], 553, 0
[READ], 554, 0
[READ], 555, 0
[READ], 556, 0
[READ], 557, 0
[READ], 558, 0
[READ], 559, 0
[READ], 560, 0
[READ], 561, 0
[READ], 562, 0
[READ], 563, 0
[READ], 564, 0
[READ], 565, 0
[READ], 566, 0
[READ], 567, 0
[READ], 568, 0
[READ], 569, 0
[READ], 570, 0
[READ], 571, 0
[READ], 572, 0
[READ], 573, 0
[READ], 574, 0
[READ], 575, 0
[READ], 576, 0
[READ], 577, 0
[READ], 578, 0
[READ], 579, 0
[READ], 580, 0
[READ], 581, 0
[READ], 582, 0
[READ], 583, 0
[READ], 584, 0
[READ], 585, 0
[READ], 586, 0
[READ], 587, 0
[READ], 588, 0
[READ], 589, 0
[READ], 590, 0
[READ], 591, 0
[READ], 592, 0
[READ], 593, 0
[READ], 594, 0
[READ], 595, 0
[READ], 596, 0
[READ], 597, 0
[READ], 598, 0
[READ], 599, 0
[READ], 600, 0
[READ], 601, 0
[READ], 602, 0
[READ], 603, 0
[READ], 604, 0
[READ], 605, 0
[READ], 606, 0
[READ], 607, 0
[READ], 608, 0
[READ], 609, 0
[READ], 610, 0
[READ], 611, 0
[READ], 612, 0
[READ], 613, 0
[READ], 614, 0
[READ], 615, 0
[READ], 616, 0
[READ], 617, 0
[READ], 618, 0
[READ], 619, 0
[READ], 620, 0
[READ], 621, 0
[READ], 622, 0
[READ], 623, 0
[READ], 624, 0
[READ], 625, 0
[READ], 626, 0
[READ], 627, 0
[READ], 628, 0
[READ], 629, 0
[READ], 630, 0
[READ], 631, 0
[READ], 632, 0
[READ], 633, 0
[READ], 634, 0
[READ], 635, 0
[READ], 636, 0
[READ], 637, 0
[READ], 638, 0
[READ], 639, 0
[READ], 640, 0
[READ], 641, 0
[READ], 642, 0
[READ], 643, 0
[READ], 644, 0
[READ], 645, 0
[READ], 646, 0
[READ], 647, 0
[READ], 648, 0
[READ], 649, 0
[READ], 650, 0
[READ], 651, 0
[READ], 652, 0
[READ], 653, 0
[READ], 654, 0
[READ], 655, 0
[READ], 656, 0
[READ], 657, 0
[READ], 658, 0
[READ], 659, 0
[READ], 660, 0
[READ], 661, 0
[READ], 662, 0
[READ], 663, 0
[READ], 664, 0
[READ], 665, 0
[READ], 666, 0
[READ], 667, 0
[READ], 668, 0
[READ], 669, 0
[READ], 670, 0
[READ], 671, 0
[READ], 672, 0
[READ], 673, 0
[READ], 674, 0
[READ], 675, 0
[READ], 676, 0
[READ], 677, 0
[READ], 678, 0
[READ], 679, 0
[READ], 680, 0
[READ], 681, 0
[READ], 682, 0
[READ], 683, 0
[READ], 684, 0
[READ], 685, 0
[READ], 686, 0
[READ], 687, 0
[READ], 688, 0
[READ], 689, 0
[READ], 690, 0
[READ], 691, 0
[READ], 692, 0
[READ], 693, 0
[READ], 694, 0
[READ], 695, 0
[READ], 696, 0
[READ], 697, 0
[READ], 698, 0
[READ], 699, 0
[READ], 700, 0
[READ], 701, 0
[READ], 702, 0
[READ], 703, 0
[READ], 704, 0
[READ], 705, 0
[READ], 706, 0
[READ], 707, 0
[READ], 708, 0
[READ], 709, 0
[READ], 710, 0
[READ], 711, 0
[READ], 712, 0
[READ], 713, 0
[READ], 714, 0
[READ], 715, 0
[READ], 716, 0
[READ], 717, 0
[READ], 718, 0
[READ], 719, 0
[READ], 720, 0
[READ], 721, 0
[READ], 722, 0
[READ], 723, 0
[READ], 724, 0
[READ], 725, 0
[READ], 726, 0
[READ], 727, 0
[READ], 728, 0
[READ], 729, 0
[READ], 730, 0
[READ], 731, 0
[READ], 732, 0
[READ], 733, 0
[READ], 734, 0
[READ], 735, 0
[READ], 736, 0
[READ], 737, 0
[READ], 738, 0
[READ], 739, 0
[READ], 740, 0
[READ], 741, 0
[READ], 742, 0
[READ], 743, 0
[READ], 744, 0
[READ], 745, 0
[READ], 746, 0
[READ], 747, 0
[READ], 748, 0
[READ], 749, 0
[READ], 750, 0
[READ], 751, 0
[READ], 752, 0
[READ], 753, 0
[READ], 754, 0
[READ], 755, 0
[READ], 756, 0
[READ], 757, 0
[READ], 758, 0
[READ], 759, 0
[READ], 760, 0
[READ], 761, 0
[READ], 762, 0
[READ], 763, 0
[READ], 764, 0
[READ], 765, 0
[READ], 766, 0
[READ], 767, 0
[READ], 768, 0
[READ], 769, 0
[READ], 770, 0
[READ], 771, 0
[READ], 772, 0
[READ], 773, 0
[READ], 774, 0
[READ], 775, 0
[READ], 776, 0
[READ], 777, 0
[READ], 778, 0
[READ], 779, 0
[READ], 780, 0
[READ], 781, 0
[READ], 782, 0
[READ], 783, 0
[READ], 784, 0
[READ], 785, 0
[READ], 786, 0
[READ], 787, 0
[READ], 788, 0
[READ], 789, 0
[READ], 790, 0
[READ], 791, 0
[READ], 792, 0
[READ], 793, 0
[READ], 794, 0
[READ], 795, 0
[READ], 796, 0
[READ], 797, 0
[READ], 798, 0
[READ], 799, 0
[READ], 800, 0
[READ], 801, 0
[READ], 802, 0
[READ], 803, 0
[READ], 804, 0
[READ], 805, 0
[READ], 806, 0
[READ], 807, 0
[READ], 808, 0
[READ], 809, 0
[READ], 810, 0
[READ], 811, 0
[READ], 812, 0
[READ], 813, 0
[READ], 814, 0
[READ], 815, 0
[READ], 816, 0
[READ], 817, 0
[READ], 818, 0
[READ], 819, 0
[READ], 820, 0
[READ], 821, 0
[READ], 822, 0
[READ], 823, 0
[READ], 824, 0
[READ], 825, 0
[READ], 826, 0
[READ], 827, 0
[READ], 828, 0
[READ], 829, 0
[READ], 830, 0
[READ], 831, 0
[READ], 832, 0
[READ], 833, 0
[READ], 834, 0
[READ], 835, 0
[READ], 836, 0
[READ], 837, 0
[READ], 838, 0
[READ], 839, 0
[READ], 840, 0
[READ], 841, 0
[READ], 842, 0
[READ], 843, 0
[READ], 844, 0
[READ], 845, 0
[READ], 846, 0
[READ], 847, 0
[READ], 848, 0
[READ], 849, 0
[READ], 850, 0
[READ], 851, 0
[READ], 852, 0
[READ], 853, 0
[READ], 854, 0
[READ], 855, 0
[READ], 856, 0
[READ], 857, 0
[READ], 858, 0
[READ], 859, 0
[READ], 860, 0
[READ], 861, 0
[READ], 862, 0
[READ], 863, 0
[READ], 864, 0
[READ], 865, 0
[READ], 866, 0
[READ], 867, 0
[READ], 868, 0
[READ], 869, 0
[READ], 870, 0
[READ], 871, 0
[READ], 872, 0
[READ], 873, 0
[READ], 874, 0
[READ], 875, 0
[READ], 876, 0
[READ], 877, 0
[READ], 878, 0
[READ], 879, 0
[READ], 880, 0
[READ], 881, 0
[READ], 882, 0
[READ], 883, 0
[READ], 884, 0
[READ], 885, 0
[READ], 886, 0
[READ], 887, 0
[READ], 888, 0
[READ], 889, 0
[READ], 890, 0
[READ], 891, 0
[READ], 892, 0
[READ], 893, 0
[READ], 894, 0
[READ], 895, 0
[READ], 896, 0
[READ], 897, 0
[READ], 898, 0
[READ], 899, 0
[READ], 900, 0
[READ], 901, 0
[READ], 902, 0
[READ], 903, 0
[READ], 904, 0
[READ], 905, 0
[READ], 906, 0
[READ], 907, 0
[READ], 908, 0
[READ], 909, 0
[READ], 910, 0
[READ], 911, 0
[READ], 912, 0
[READ], 913, 0
[READ], 914, 0
[READ], 915, 0
[READ], 916, 0
[READ], 917, 0
[READ], 918, 0
[READ], 919, 0
[READ], 920, 0
[READ], 921, 0
[READ], 922, 0
[READ], 923, 0
[READ], 924, 0
[READ], 925, 0
[READ], 926, 0
[READ], 927, 0
[READ], 928, 0
[READ], 929, 0
[READ], 930, 0
[READ], 931, 0
[READ], 932, 0
[READ], 933, 0
[READ], 934, 0
[READ], 935, 0
[READ], 936, 0
[READ], 937, 0
[READ], 938, 0
[READ], 939, 0
[READ], 940, 0
[READ], 941, 0
[READ], 942, 0
[READ], 943, 0
[READ], 944, 0
[READ], 945, 0
[READ], 946, 0
[READ], 947, 0
[READ], 948, 0
[READ], 949, 0
[READ], 950, 0
[READ], 951, 0
[READ], 952, 0
[READ], 953, 0
[READ], 954, 0
[READ], 955, 0
[READ], 956, 0
[READ], 957, 0
[READ], 958, 0
[READ], 959, 0
[READ], 960, 0
[READ], 961, 0
[READ], 962, 0
[READ], 963, 0
[READ], 964, 0
[READ], 965, 0
[READ], 966, 0
[READ], 967, 0
[READ], 968, 0
[READ], 969, 0
[READ], 970, 0
[READ], 971, 0
[READ], 972, 0
[READ], 973, 0
[READ], 974, 0
[READ], 975, 0
[READ], 976, 0
[READ], 977, 0
[READ], 978, 0
[READ], 979, 0
[READ], 980, 0
[READ], 981, 0
[READ], 982, 0
[READ], 983, 0
[READ], 984, 0
[READ], 985, 0
[READ], 986, 0
[READ], 987, 0
[READ], 988, 0
[READ], 989, 0
[READ], 990, 0
[READ], 991, 0
[READ], 992, 0
[READ], 993, 0
[READ], 994, 0
[READ], 995, 0
[READ], 996, 0
[READ], 997, 0
[READ], 998, 0
[READ], 999, 0
[READ], >1000, 0
[CLEANUP], Operations, 1
[CLEANUP], AverageLatency(us), 97.0
[CLEANUP], MinLatency(us), 97
[CLEANUP], MaxLatency(us), 97
[CLEANUP], 95thPercentileLatency(ms), 0
[CLEANUP], 99thPercentileLatency(ms), 0
[CLEANUP], 0, 1
[CLEANUP], 1, 0
[CLEANUP], 2, 0
[CLEANUP], 3, 0
[CLEANUP], 4, 0
[CLEANUP], 5, 0
[CLEANUP], 6, 0
[CLEANUP], 7, 0
[CLEANUP], 8, 0
[CLEANUP], 9, 0
[CLEANUP], 10, 0
[CLEANUP], 11, 0
[CLEANUP], 12, 0
[CLEANUP], 13, 0
[CLEANUP], 14, 0
[CLEANUP], 15, 0
[CLEANUP], 16, 0
[CLEANUP], 17, 0
[CLEANUP], 18, 0
[CLEANUP], 19, 0
[CLEANUP], 20, 0
[CLEANUP], 21, 0
[CLEANUP], 22, 0
[CLEANUP], 23, 0
[CLEANUP], 24, 0
[CLEANUP], 25, 0
[CLEANUP], 26, 0
[CLEANUP], 27, 0
[CLEANUP], 28, 0
[CLEANUP], 29, 0
[CLEANUP], 30, 0
[CLEANUP], 31, 0
[CLEANUP], 32, 0
[CLEANUP], 33, 0
[CLEANUP], 34, 0
[CLEANUP], 35, 0
[CLEANUP], 36, 0
[CLEANUP], 37, 0
[CLEANUP], 38, 0
[CLEANUP], 39, 0
[CLEANUP], 40, 0
[CLEANUP], 41, 0
[CLEANUP], 42, 0
[CLEANUP], 43, 0
[CLEANUP], 44, 0
[CLEANUP], 45, 0
[CLEANUP], 46, 0
[CLEANUP], 47, 0
[CLEANUP], 48, 0
[CLEANUP], 49, 0
[CLEANUP], 50, 0
[CLEANUP], 51, 0
[CLEANUP], 52, 0
[CLEANUP], 53, 0
[CLEANUP], 54, 0
[CLEANUP], 55, 0
[CLEANUP], 56, 0
[CLEANUP], 57, 0
[CLEANUP], 58, 0
[CLEANUP], 59, 0
[CLEANUP], 60, 0
[CLEANUP], 61, 0
[CLEANUP], 62, 0
[CLEANUP], 63, 0
[CLEANUP], 64, 0
[CLEANUP], 65, 0
[CLEANUP], 66, 0
[CLEANUP], 67, 0
[CLEANUP], 68, 0
[CLEANUP], 69, 0
[CLEANUP], 70, 0
[CLEANUP], 71, 0
[CLEANUP], 72, 0
[CLEANUP], 73, 0
[CLEANUP], 74, 0
[CLEANUP], 75, 0
[CLEANUP], 76, 0
[CLEANUP], 77, 0
[CLEANUP], 78, 0
[CLEANUP], 79, 0
[CLEANUP], 80, 0
[CLEANUP], 81, 0
[CLEANUP], 82, 0
[CLEANUP], 83, 0
[CLEANUP], 84, 0
[CLEANUP], 85, 0
[CLEANUP], 86, 0
[CLEANUP], 87, 0
[CLEANUP], 88, 0
[CLEANUP], 89, 0
[CLEANUP], 90, 0
[CLEANUP], 91, 0
[CLEANUP], 92, 0
[CLEANUP], 93, 0
[CLEANUP], 94, 0
[CLEANUP], 95, 0
[CLEANUP], 96, 0
[CLEANUP], 97, 0
[CLEANUP], 98, 0
[CLEANUP], 99, 0
[CLEANUP], 100, 0
[CLEANUP], 101, 0
[CLEANUP], 102, 0
[CLEANUP], 103, 0
[CLEANUP], 104, 0
[CLEANUP], 105, 0
[CLEANUP], 106, 0
[CLEANUP], 107, 0
[CLEANUP], 108, 0
[CLEANUP], 109, 0
[CLEANUP], 110, 0
[CLEANUP], 111, 0
[CLEANUP], 112, 0
[CLEANUP], 113, 0
[CLEANUP], 114, 0
[CLEANUP], 115, 0
[CLEANUP], 116, 0
[CLEANUP], 117, 0
[CLEANUP], 118, 0
[CLEANUP], 119, 0
[CLEANUP], 120, 0
[CLEANUP], 121, 0
[CLEANUP], 122, 0
[CLEANUP], 123, 0
[CLEANUP], 124, 0
[CLEANUP], 125, 0
[CLEANUP], 126, 0
[CLEANUP], 127, 0
[CLEANUP], 128, 0
[CLEANUP], 129, 0
[CLEANUP], 130, 0
[CLEANUP], 131, 0
[CLEANUP], 132, 0
[CLEANUP], 133, 0
[CLEANUP], 134, 0
[CLEANUP], 135, 0
[CLEANUP], 136, 0
[CLEANUP], 137, 0
[CLEANUP], 138, 0
[CLEANUP], 139, 0
[CLEANUP], 140, 0
[CLEANUP], 141, 0
[CLEANUP], 142, 0
[CLEANUP], 143, 0
[CLEANUP], 144, 0
[CLEANUP], 145, 0
[CLEANUP], 146, 0
[CLEANUP], 147, 0
[CLEANUP], 148, 0
[CLEANUP], 149, 0
[CLEANUP], 150, 0
[CLEANUP], 151, 0
[CLEANUP], 152, 0
[CLEANUP], 153, 0
[CLEANUP], 154, 0
[CLEANUP], 155, 0
[CLEANUP], 156, 0
[CLEANUP], 157, 0
[CLEANUP], 158, 0
[CLEANUP], 159, 0
[CLEANUP], 160, 0
[CLEANUP], 161, 0
[CLEANUP], 162, 0
[CLEANUP], 163, 0
[CLEANUP], 164, 0
[CLEANUP], 165, 0
[CLEANUP], 166, 0
[CLEANUP], 167, 0
[CLEANUP], 168, 0
[CLEANUP], 169, 0
[CLEANUP], 170, 0
[CLEANUP], 171, 0
[CLEANUP], 172, 0
[CLEANUP], 173, 0
[CLEANUP], 174, 0
[CLEANUP], 175, 0
[CLEANUP], 176, 0
[CLEANUP], 177, 0
[CLEANUP], 178, 0
[CLEANUP], 179, 0
[CLEANUP], 180, 0
[CLEANUP], 181, 0
[CLEANUP], 182, 0
[CLEANUP], 183, 0
[CLEANUP], 184, 0
[CLEANUP], 185, 0
[CLEANUP], 186, 0
[CLEANUP], 187, 0
[CLEANUP], 188, 0
[CLEANUP], 189, 0
[CLEANUP], 190, 0
[CLEANUP], 191, 0
[CLEANUP], 192, 0
[CLEANUP], 193, 0
[CLEANUP], 194, 0
[CLEANUP], 195, 0
[CLEANUP], 196, 0
[CLEANUP], 197, 0
[CLEANUP], 198, 0
[CLEANUP], 199, 0
[CLEANUP], 200, 0
[CLEANUP], 201, 0
[CLEANUP], 202, 0
[CLEANUP], 203, 0
[CLEANUP], 204, 0
[CLEANUP], 205, 0
[CLEANUP], 206, 0
[CLEANUP], 207, 0
[CLEANUP], 208, 0
[CLEANUP], 209, 0
[CLEANUP], 210, 0
[CLEANUP], 211, 0
[CLEANUP], 212, 0
[CLEANUP], 213, 0
[CLEANUP], 214, 0
[CLEANUP], 215, 0
[CLEANUP], 216, 0
[CLEANUP], 217, 0
[CLEANUP], 218, 0
[CLEANUP], 219, 0
[CLEANUP], 220, 0
[CLEANUP], 221, 0
[CLEANUP], 222, 0
[CLEANUP], 223, 0
[CLEANUP], 224, 0
[CLEANUP], 225, 0
[CLEANUP], 226, 0
[CLEANUP], 227, 0
[CLEANUP], 228, 0
[CLEANUP], 229, 0
[CLEANUP], 230, 0
[CLEANUP], 231, 0
[CLEANUP], 232, 0
[CLEANUP], 233, 0
[CLEANUP], 234, 0
[CLEANUP], 235, 0
[CLEANUP], 236, 0
[CLEANUP], 237, 0
[CLEANUP], 238, 0
[CLEANUP], 239, 0
[CLEANUP], 240, 0
[CLEANUP], 241, 0
[CLEANUP], 242, 0
[CLEANUP], 243, 0
[CLEANUP], 244, 0
[CLEANUP], 245, 0
[CLEANUP], 246, 0
[CLEANUP], 247, 0
[CLEANUP], 248, 0
[CLEANUP], 249, 0
[CLEANUP], 250, 0
[CLEANUP], 251, 0
[CLEANUP], 252, 0
[CLEANUP], 253, 0
[CLEANUP], 254, 0
[CLEANUP], 255, 0
[CLEANUP], 256, 0
[CLEANUP], 257, 0
[CLEANUP], 258, 0
[CLEANUP], 259, 0
[CLEANUP], 260, 0
[CLEANUP], 261, 0
[CLEANUP], 262, 0
[CLEANUP], 263, 0
[CLEANUP], 264, 0
[CLEANUP], 265, 0
[CLEANUP], 266, 0
[CLEANUP], 267, 0
[CLEANUP], 268, 0
[CLEANUP], 269, 0
[CLEANUP], 270, 0
[CLEANUP], 271, 0
[CLEANUP], 272, 0
[CLEANUP], 273, 0
[CLEANUP], 274, 0
[CLEANUP], 275, 0
[CLEANUP], 276, 0
[CLEANUP], 277, 0
[CLEANUP], 278, 0
[CLEANUP], 279, 0
[CLEANUP], 280, 0
[CLEANUP], 281, 0
[CLEANUP], 282, 0
[CLEANUP], 283, 0
[CLEANUP], 284, 0
[CLEANUP], 285, 0
[CLEANUP], 286, 0
[CLEANUP], 287, 0
[CLEANUP], 288, 0
[CLEANUP], 289, 0
[CLEANUP], 290, 0
[CLEANUP], 291, 0
[CLEANUP], 292, 0
[CLEANUP], 293, 0
[CLEANUP], 294, 0
[CLEANUP], 295, 0
[CLEANUP], 296, 0
[CLEANUP], 297, 0
[CLEANUP], 298, 0
[CLEANUP], 299, 0
[CLEANUP], 300, 0
[CLEANUP], 301, 0
[CLEANUP], 302, 0
[CLEANUP], 303, 0
[CLEANUP], 304, 0
[CLEANUP], 305, 0
[CLEANUP], 306, 0
[CLEANUP], 307, 0
[CLEANUP], 308, 0
[CLEANUP], 309, 0
[CLEANUP], 310, 0
[CLEANUP], 311, 0
[CLEANUP], 312, 0
[CLEANUP], 313, 0
[CLEANUP], 314, 0
[CLEANUP], 315, 0
[CLEANUP], 316, 0
[CLEANUP], 317, 0
[CLEANUP], 318, 0
[CLEANUP], 319, 0
[CLEANUP], 320, 0
[CLEANUP], 321, 0
[CLEANUP], 322, 0
[CLEANUP], 323, 0
[CLEANUP], 324, 0
[CLEANUP], 325, 0
[CLEANUP], 326, 0
[CLEANUP], 327, 0
[CLEANUP], 328, 0
[CLEANUP], 329, 0
[CLEANUP], 330, 0
[CLEANUP], 331, 0
[CLEANUP], 332, 0
[CLEANUP], 333, 0
[CLEANUP], 334, 0
[CLEANUP], 335, 0
[CLEANUP], 336, 0
[CLEANUP], 337, 0
[CLEANUP], 338, 0
[CLEANUP], 339, 0
[CLEANUP], 340, 0
[CLEANUP], 341, 0
[CLEANUP], 342, 0
[CLEANUP], 343, 0
[CLEANUP], 344, 0
[CLEANUP], 345, 0
[CLEANUP], 346, 0
[CLEANUP], 347, 0
[CLEANUP], 348, 0
[CLEANUP], 349, 0
[CLEANUP], 350, 0
[CLEANUP], 351, 0
[CLEANUP], 352, 0
[CLEANUP], 353, 0
[CLEANUP], 354, 0
[CLEANUP], 355, 0
[CLEANUP], 356, 0
[CLEANUP], 357, 0
[CLEANUP], 358, 0
[CLEANUP], 359, 0
[CLEANUP], 360, 0
[CLEANUP], 361, 0
[CLEANUP], 362, 0
[CLEANUP], 363, 0
[CLEANUP], 364, 0
[CLEANUP], 365, 0
[CLEANUP], 366, 0
[CLEANUP], 367, 0
[CLEANUP], 368, 0
[CLEANUP], 369, 0
[CLEANUP], 370, 0
[CLEANUP], 371, 0
[CLEANUP], 372, 0
[CLEANUP], 373, 0
[CLEANUP], 374, 0
[CLEANUP], 375, 0
[CLEANUP], 376, 0
[CLEANUP], 377, 0
[CLEANUP], 378, 0
[CLEANUP], 379, 0
[CLEANUP], 380, 0
[CLEANUP], 381, 0
[CLEANUP], 382, 0
[CLEANUP], 383, 0
[CLEANUP], 384, 0
[CLEANUP], 385, 0
[CLEANUP], 386, 0
[CLEANUP], 387, 0
[CLEANUP], 388, 0
[CLEANUP], 389, 0
[CLEANUP], 390, 0
[CLEANUP], 391, 0
[CLEANUP], 392, 0
[CLEANUP], 393, 0
[CLEANUP], 394, 0
[CLEANUP], 395, 0
[CLEANUP], 396, 0
[CLEANUP], 397, 0
[CLEANUP], 398, 0
[CLEANUP], 399, 0
[CLEANUP], 400, 0
[CLEANUP], 401, 0
[CLEANUP], 402, 0
[CLEANUP], 403, 0
[CLEANUP], 404, 0
[CLEANUP], 405, 0
[CLEANUP], 406, 0
[CLEANUP], 407, 0
[CLEANUP], 408, 0
[CLEANUP], 409, 0
[CLEANUP], 410, 0
[CLEANUP], 411, 0
[CLEANUP], 412, 0
[CLEANUP], 413, 0
[CLEANUP], 414, 0
[CLEANUP], 415, 0
[CLEANUP], 416, 0
[CLEANUP], 417, 0
[CLEANUP], 418, 0
[CLEANUP], 419, 0
[CLEANUP], 420, 0
[CLEANUP], 421, 0
[CLEANUP], 422, 0
[CLEANUP], 423, 0
[CLEANUP], 424, 0
[CLEANUP], 425, 0
[CLEANUP], 426, 0
[CLEANUP], 427, 0
[CLEANUP], 428, 0
[CLEANUP], 429, 0
[CLEANUP], 430, 0
[CLEANUP], 431, 0
[CLEANUP], 432, 0
[CLEANUP], 433, 0
[CLEANUP], 434, 0
[CLEANUP], 435, 0
[CLEANUP], 436, 0
[CLEANUP], 437, 0
[CLEANUP], 438, 0
[CLEANUP], 439, 0
[CLEANUP], 440, 0
[CLEANUP], 441, 0
[CLEANUP], 442, 0
[CLEANUP], 443, 0
[CLEANUP], 444, 0
[CLEANUP], 445, 0
[CLEANUP], 446, 0
[CLEANUP], 447, 0
[CLEANUP], 448, 0
[CLEANUP], 449, 0
[CLEANUP], 450, 0
[CLEANUP], 451, 0
[CLEANUP], 452, 0
[CLEANUP], 453, 0
[CLEANUP], 454, 0
[CLEANUP], 455, 0
[CLEANUP], 456, 0
[CLEANUP], 457, 0
[CLEANUP], 458, 0
[CLEANUP], 459, 0
[CLEANUP], 460, 0
[CLEANUP], 461, 0
[CLEANUP], 462, 0
[CLEANUP], 463, 0
[CLEANUP], 464, 0
[CLEANUP], 465, 0
[CLEANUP], 466, 0
[CLEANUP], 467, 0
[CLEANUP], 468, 0
[CLEANUP], 469, 0
[CLEANUP], 470, 0
[CLEANUP], 471, 0
[CLEANUP], 472, 0
[CLEANUP], 473, 0
[CLEANUP], 474, 0
[CLEANUP], 475, 0
[CLEANUP], 476, 0
[CLEANUP], 477, 0
[CLEANUP], 478, 0
[CLEANUP], 479, 0
[CLEANUP], 480, 0
[CLEANUP], 481, 0
[CLEANUP], 482, 0
[CLEANUP], 483, 0
[CLEANUP], 484, 0
[CLEANUP], 485, 0
[CLEANUP], 486, 0
[CLEANUP], 487, 0
[CLEANUP], 488, 0
[CLEANUP], 489, 0
[CLEANUP], 490, 0
[CLEANUP], 491, 0
[CLEANUP], 492, 0
[CLEANUP], 493, 0
[CLEANUP], 494, 0
[CLEANUP], 495, 0
[CLEANUP], 496, 0
[CLEANUP], 497, 0
[CLEANUP], 498, 0
[CLEANUP], 499, 0
[CLEANUP], 500, 0
[CLEANUP], 501, 0
[CLEANUP], 502, 0
[CLEANUP], 503, 0
[CLEANUP], 504, 0
[CLEANUP], 505, 0
[CLEANUP], 506, 0
[CLEANUP], 507, 0
[CLEANUP], 508, 0
[CLEANUP], 509, 0
[CLEANUP], 510, 0
[CLEANUP], 511, 0
[CLEANUP], 512, 0
[CLEANUP], 513, 0
[CLEANUP], 514, 0
[CLEANUP], 515, 0
[CLEANUP], 516, 0
[CLEANUP], 517, 0
[CLEANUP], 518, 0
[CLEANUP], 519, 0
[CLEANUP], 520, 0
[CLEANUP], 521, 0
[CLEANUP], 522, 0
[CLEANUP], 523, 0
[CLEANUP], 524, 0
[CLEANUP], 525, 0
[CLEANUP], 526, 0
[CLEANUP], 527, 0
[CLEANUP], 528, 0
[CLEANUP], 529, 0
[CLEANUP], 530, 0
[CLEANUP], 531, 0
[CLEANUP], 532, 0
[CLEANUP], 533, 0
[CLEANUP], 534, 0
[CLEANUP], 535, 0
[CLEANUP], 536, 0
[CLEANUP], 537, 0
[CLEANUP], 538, 0
[CLEANUP], 539, 0
[CLEANUP], 540, 0
[CLEANUP], 541, 0
[CLEANUP], 542, 0
[CLEANUP], 543, 0
[CLEANUP], 544, 0
[CLEANUP], 545, 0
[CLEANUP], 546, 0
[CLEANUP], 547, 0
[CLEANUP], 548, 0
[CLEANUP], 549, 0
[CLEANUP], 550, 0
[CLEANUP], 551, 0
[CLEANUP], 552, 0
[CLEANUP], 553, 0
[CLEANUP], 554, 0
[CLEANUP], 555, 0
[CLEANUP], 556, 0
[CLEANUP], 557, 0
[CLEANUP], 558, 0
[CLEANUP], 559, 0
[CLEANUP], 560, 0
[CLEANUP], 561, 0
[CLEANUP], 562, 0
[CLEANUP], 563, 0
[CLEANUP], 564, 0
[CLEANUP], 565, 0
[CLEANUP], 566, 0
[CLEANUP], 567, 0
[CLEANUP], 568, 0
[CLEANUP], 569, 0
[CLEANUP], 570, 0
[CLEANUP], 571, 0
[CLEANUP], 572, 0
[CLEANUP], 573, 0
[CLEANUP], 574, 0
[CLEANUP], 575, 0
[CLEANUP], 576, 0
[CLEANUP], 577, 0
[CLEANUP], 578, 0
[CLEANUP], 579, 0
[CLEANUP], 580, 0
[CLEANUP], 581, 0
[CLEANUP], 582, 0
[CLEANUP], 583, 0
[CLEANUP], 584, 0
[CLEANUP], 585, 0
[CLEANUP], 586, 0
[CLEANUP], 587, 0
[CLEANUP], 588, 0
[CLEANUP], 589, 0
[CLEANUP], 590, 0
[CLEANUP], 591, 0
[CLEANUP], 592, 0
[CLEANUP], 593, 0
[CLEANUP], 594, 0
[CLEANUP], 595, 0
[CLEANUP], 596, 0
[CLEANUP], 597, 0
[CLEANUP], 598, 0
[CLEANUP], 599, 0
[CLEANUP], 600, 0
[CLEANUP], 601, 0
[CLEANUP], 602, 0
[CLEANUP], 603, 0
[CLEANUP], 604, 0
[CLEANUP], 605, 0
[CLEANUP], 606, 0
[CLEANUP], 607, 0
[CLEANUP], 608, 0
[CLEANUP], 609, 0
[CLEANUP], 610, 0
[CLEANUP], 611, 0
[CLEANUP], 612, 0
[CLEANUP], 613, 0
[CLEANUP], 614, 0
[CLEANUP], 615, 0
[CLEANUP], 616, 0
[CLEANUP], 617, 0
[CLEANUP], 618, 0
[CLEANUP], 619, 0
[CLEANUP], 620, 0
[CLEANUP], 621, 0
[CLEANUP], 622, 0
[CLEANUP], 623, 0
[CLEANUP], 624, 0
[CLEANUP], 625, 0
[CLEANUP], 626, 0
[CLEANUP], 627, 0
[CLEANUP], 628, 0
[CLEANUP], 629, 0
[CLEANUP], 630, 0
[CLEANUP], 631, 0
[CLEANUP], 632, 0
[CLEANUP], 633, 0
[CLEANUP], 634, 0
[CLEANUP], 635, 0
[CLEANUP], 636, 0
[CLEANUP], 637, 0
[CLEANUP], 638, 0
[CLEANUP], 639, 0
[CLEANUP], 640, 0
[CLEANUP], 641, 0
[CLEANUP], 642, 0
[CLEANUP], 643, 0
[CLEANUP], 644, 0
[CLEANUP], 645, 0
[CLEANUP], 646, 0
[CLEANUP], 647, 0
[CLEANUP], 648, 0
[CLEANUP], 649, 0
[CLEANUP], 650, 0
[CLEANUP], 651, 0
[CLEANUP], 652, 0
[CLEANUP], 653, 0
[CLEANUP], 654, 0
[CLEANUP], 655, 0
[CLEANUP], 656, 0
[CLEANUP], 657, 0
[CLEANUP], 658, 0
[CLEANUP], 659, 0
[CLEANUP], 660, 0
[CLEANUP], 661, 0
[CLEANUP], 662, 0
[CLEANUP], 663, 0
[CLEANUP], 664, 0
[CLEANUP], 665, 0
[CLEANUP], 666, 0
[CLEANUP], 667, 0
[CLEANUP], 668, 0
[CLEANUP], 669, 0
[CLEANUP], 670, 0
[CLEANUP], 671, 0
[CLEANUP], 672, 0
[CLEANUP], 673, 0
[CLEANUP], 674, 0
[CLEANUP], 675, 0
[CLEANUP], 676, 0
[CLEANUP], 677, 0
[CLEANUP], 678, 0
[CLEANUP], 679, 0
[CLEANUP], 680, 0
[CLEANUP], 681, 0
[CLEANUP], 682, 0
[CLEANUP], 683, 0
[CLEANUP], 684, 0
[CLEANUP], 685, 0
[CLEANUP], 686, 0
[CLEANUP], 687, 0
[CLEANUP], 688, 0
[CLEANUP], 689, 0
[CLEANUP], 690, 0
[CLEANUP], 691, 0
[CLEANUP], 692, 0
[CLEANUP], 693, 0
[CLEANUP], 694, 0
[CLEANUP], 695, 0
[CLEANUP], 696, 0
[CLEANUP], 697, 0
[CLEANUP], 698, 0
[CLEANUP], 699, 0
[CLEANUP], 700, 0
[CLEANUP], 701, 0
[CLEANUP], 702, 0
[CLEANUP], 703, 0
[CLEANUP], 704, 0
[CLEANUP], 705, 0
[CLEANUP], 706, 0
[CLEANUP], 707, 0
[CLEANUP], 708, 0
[CLEANUP], 709, 0
[CLEANUP], 710, 0
[CLEANUP], 711, 0
[CLEANUP], 712, 0
[CLEANUP], 713, 0
[CLEANUP], 714, 0
[CLEANUP], 715, 0
[CLEANUP], 716, 0
[CLEANUP], 717, 0
[CLEANUP], 718, 0
[CLEANUP], 719, 0
[CLEANUP], 720, 0
[CLEANUP], 721, 0
[CLEANUP], 722, 0
[CLEANUP], 723, 0
[CLEANUP], 724, 0
[CLEANUP], 725, 0
[CLEANUP], 726, 0
[CLEANUP], 727, 0
[CLEANUP], 728, 0
[CLEANUP], 729, 0
[CLEANUP], 730, 0
[CLEANUP], 731, 0
[CLEANUP], 732, 0
[CLEANUP], 733, 0
[CLEANUP], 734, 0
[CLEANUP], 735, 0
[CLEANUP], 736, 0
[CLEANUP], 737, 0
[CLEANUP], 738, 0
[CLEANUP], 739, 0
[CLEANUP], 740, 0
[CLEANUP], 741, 0
[CLEANUP], 742, 0
[CLEANUP], 743, 0
[CLEANUP], 744, 0
[CLEANUP], 745, 0
[CLEANUP], 746, 0
[CLEANUP], 747, 0
[CLEANUP], 748, 0
[CLEANUP], 749, 0
[CLEANUP], 750, 0
[CLEANUP], 751, 0
[CLEANUP], 752, 0
[CLEANUP], 753, 0
[CLEANUP], 754, 0
[CLEANUP], 755, 0
[CLEANUP], 756, 0
[CLEANUP], 757, 0
[CLEANUP], 758, 0
[CLEANUP], 759, 0
[CLEANUP], 760, 0
[CLEANUP], 761, 0
[CLEANUP], 762, 0
[CLEANUP], 763, 0
[CLEANUP], 764, 0
[CLEANUP], 765, 0
[CLEANUP], 766, 0
[CLEANUP], 767, 0
[CLEANUP], 768, 0
[CLEANUP], 769, 0
[CLEANUP], 770, 0
[CLEANUP], 771, 0
[CLEANUP], 772, 0
[CLEANUP], 773, 0
[CLEANUP], 774, 0
[CLEANUP], 775, 0
[CLEANUP], 776, 0
[CLEANUP], 777, 0
[CLEANUP], 778, 0
[CLEANUP], 779, 0
[CLEANUP], 780, 0
[CLEANUP], 781, 0
[CLEANUP], 782, 0
[CLEANUP], 783, 0
[CLEANUP], 784, 0
[CLEANUP], 785, 0
[CLEANUP], 786, 0
[CLEANUP], 787, 0
[CLEANUP], 788, 0
[CLEANUP], 789, 0
[CLEANUP], 790, 0
[CLEANUP], 791, 0
[CLEANUP], 792, 0
[CLEANUP], 793, 0
[CLEANUP], 794, 0
[CLEANUP], 795, 0
[CLEANUP], 796, 0
[CLEANUP], 797, 0
[CLEANUP], 798, 0
[CLEANUP], 799, 0
[CLEANUP], 800, 0
[CLEANUP], 801, 0
[CLEANUP], 802, 0
[CLEANUP], 803, 0
[CLEANUP], 804, 0
[CLEANUP], 805, 0
[CLEANUP], 806, 0
[CLEANUP], 807, 0
[CLEANUP], 808, 0
[CLEANUP], 809, 0
[CLEANUP], 810, 0
[CLEANUP], 811, 0
[CLEANUP], 812, 0
[CLEANUP], 813, 0
[CLEANUP], 814, 0
[CLEANUP], 815, 0
[CLEANUP], 816, 0
[CLEANUP], 817, 0
[CLEANUP], 818, 0
[CLEANUP], 819, 0
[CLEANUP], 820, 0
[CLEANUP], 821, 0
[CLEANUP], 822, 0
[CLEANUP], 823, 0
[CLEANUP], 824, 0
[CLEANUP], 825, 0
[CLEANUP], 826, 0
[CLEANUP], 827, 0
[CLEANUP], 828, 0
[CLEANUP], 829, 0
[CLEANUP], 830, 0
[CLEANUP], 831, 0
[CLEANUP], 832, 0
[CLEANUP], 833, 0
[CLEANUP], 834, 0
[CLEANUP], 835, 0
[CLEANUP], 836, 0
[CLEANUP], 837, 0
[CLEANUP], 838, 0
[CLEANUP], 839, 0
[CLEANUP], 840, 0
[CLEANUP], 841, 0
[CLEANUP], 842, 0
[CLEANUP], 843, 0
[CLEANUP], 844, 0
[CLEANUP], 845, 0
[CLEANUP], 846, 0
[CLEANUP], 847, 0
[CLEANUP], 848, 0
[CLEANUP], 849, 0
[CLEANUP], 850, 0
[CLEANUP], 851, 0
[CLEANUP], 852, 0
[CLEANUP], 853, 0
[CLEANUP], 854, 0
[CLEANUP], 855, 0
[CLEANUP], 856, 0
[CLEANUP], 857, 0
[CLEANUP], 858, 0
[CLEANUP], 859, 0
[CLEANUP], 860, 0
[CLEANUP], 861, 0
[CLEANUP], 862, 0
[CLEANUP], 863, 0
[CLEANUP], 864, 0
[CLEANUP], 865, 0
[CLEANUP], 866, 0
[CLEANUP], 867, 0
[CLEANUP], 868, 0
[CLEANUP], 869, 0
[CLEANUP], 870, 0
[CLEANUP], 871, 0
[CLEANUP], 872, 0
[CLEANUP], 873, 0
[CLEANUP], 874, 0
[CLEANUP], 875, 0
[CLEANUP], 876, 0
[CLEANUP], 877, 0
[CLEANUP], 878, 0
[CLEANUP], 879, 0
[CLEANUP], 880, 0
[CLEANUP], 881, 0
[CLEANUP], 882, 0
[CLEANUP], 883, 0
[CLEANUP], 884, 0
[CLEANUP], 885, 0
[CLEANUP], 886, 0
[CLEANUP], 887, 0
[CLEANUP], 888, 0
[CLEANUP], 889, 0
[CLEANUP], 890, 0
[CLEANUP], 891, 0
[CLEANUP], 892, 0
[CLEANUP], 893, 0
[CLEANUP], 894, 0
[CLEANUP], 895, 0
[CLEANUP], 896, 0
[CLEANUP], 897, 0
[CLEANUP], 898, 0
[CLEANUP], 899, 0
[CLEANUP], 900, 0
[CLEANUP], 901, 0
[CLEANUP], 902, 0
[CLEANUP], 903, 0
[CLEANUP], 904, 0
[CLEANUP], 905, 0
[CLEANUP], 906, 0
[CLEANUP], 907, 0
[CLEANUP], 908, 0
[CLEANUP], 909, 0
[CLEANUP], 910, 0
[CLEANUP], 911, 0
[CLEANUP], 912, 0
[CLEANUP], 913, 0
[CLEANUP], 914, 0
[CLEANUP], 915, 0
[CLEANUP], 916, 0
[CLEANUP], 917, 0
[CLEANUP], 918, 0
[CLEANUP], 919, 0
[CLEANUP], 920, 0
[CLEANUP], 921, 0
[CLEANUP], 922, 0
[CLEANUP], 923, 0
[CLEANUP], 924, 0
[CLEANUP], 925, 0
[CLEANUP], 926, 0
[CLEANUP], 927, 0
[CLEANUP], 928, 0
[CLEANUP], 929, 0
[CLEANUP], 930, 0
[CLEANUP], 931, 0
[CLEANUP], 932, 0
[CLEANUP], 933, 0
[CLEANUP], 934, 0
[CLEANUP], 935, 0
[CLEANUP], 936, 0
[CLEANUP], 937, 0
[CLEANUP], 938, 0
[CLEANUP], 939, 0
[CLEANUP], 940, 0
[CLEANUP], 941, 0
[CLEANUP], 942, 0
[CLEANUP], 943, 0
[CLEANUP], 944, 0
[CLEANUP], 945, 0
[CLEANUP], 946, 0
[CLEANUP], 947, 0
[CLEANUP], 948, 0
[CLEANUP], 949, 0
[CLEANUP], 950, 0
[CLEANUP], 951, 0
[CLEANUP], 952, 0
[CLEANUP], 953, 0
[CLEANUP], 954, 0
[CLEANUP], 955, 0
[CLEANUP], 956, 0
[CLEANUP], 957, 0
[CLEANUP], 958, 0
[CLEANUP], 959, 0
[CLEANUP], 960, 0
[CLEANUP], 961, 0
[CLEANUP], 962, 0
[CLEANUP], 963, 0
[CLEANUP], 964, 0
[CLEANUP], 965, 0
[CLEANUP], 966, 0
[CLEANUP], 967, 0
[CLEANUP], 968, 0
[CLEANUP], 969, 0
[CLEANUP], 970, 0
[CLEANUP], 971, 0
[CLEANUP], 972, 0
[CLEANUP], 973, 0
[CLEANUP], 974, 0
[CLEANUP], 975, 0
[CLEANUP], 976, 0
[CLEANUP], 977, 0
[CLEANUP], 978, 0
[CLEANUP], 979, 0
[CLEANUP], 980, 0
[CLEANUP], 981, 0
[CLEANUP], 982, 0
[CLEANUP], 983, 0
[CLEANUP], 984, 0
[CLEANUP], 985, 0
[CLEANUP], 986, 0
[CLEANUP], 987, 0
[CLEANUP], 988, 0
[CLEANUP], 989, 0
[CLEANUP], 990, 0
[CLEANUP], 991, 0
[CLEANUP], 992, 0
[CLEANUP], 993, 0
[CLEANUP], 994, 0
[CLEANUP], 995, 0
[CLEANUP], 996, 0
[CLEANUP], 997, 0
[CLEANUP], 998, 0
[CLEANUP], 999, 0
[CLEANUP], >1000, 0
java -cp /home/liuchang/YCSB/core/target/core-0.1.4.jar:/home/liuchang/YCSB/oss/target/oss-binding-0.1.4.jar:/home/liuchang/YCSB/oss/target/archive-tmp/oss-binding-0.1.4.jar:/home/liuchang/YCSB/voldemort/src/main/conf:/home/liuchang/YCSB/gemfire/src/main/conf:/home/liuchang/YCSB/jdbc/src/main/conf:/home/liuchang/YCSB/infinispan/src/main/conf com.yahoo.ycsb.Client -db com.yahoo.ycsb.db.OssClient -P workloads/workloada -s -t
